<?xml version="1.0" encoding="utf-8"?>
<CoverageSession xmlns:xsd="http://www.w3.org/2001/XMLSchema" xmlns:xsi="http://www.w3.org/2001/XMLSchema-instance" Version="0.0.0.0">
  <Summary numSequencePoints="317" visitedSequencePoints="288" numBranchPoints="0" visitedBranchPoints="0" sequenceCoverage="90.85" branchCoverage="0.0" maxCyclomaticComplexity="0" minCyclomaticComplexity="0" maxCrapScore="0" minCrapScore="0" visitedClasses="33" numClasses="33" visitedMethods="53" numMethods="53" />
  <Modules>
    <Module>
      <Summary numSequencePoints="123" visitedSequencePoints="123" numBranchPoints="0" visitedBranchPoints="0" sequenceCoverage="100.0" branchCoverage="0.0" maxCyclomaticComplexity="0" minCyclomaticComplexity="0" maxCrapScore="0" minCrapScore="0" visitedClasses="20" numClasses="20" visitedMethods="22" numMethods="22" />
      <ModuleTime>0001-01-01T00:00:00</ModuleTime>
      <ModuleName>Tests</ModuleName>
      <Files>
        <File uid="1" fullPath="D:/Documentos/Lights on/Assets/Tests/Tests/Actiontests.cs" />
        <File uid="2" fullPath="D:/Documentos/Lights on/Assets/Tests/Tests/Animationnoruntests.cs" />
        <File uid="3" fullPath="D:/Documentos/Lights on/Assets/Tests/Tests/Animationsdeathtest.cs" />
        <File uid="4" fullPath="D:/Documentos/Lights on/Assets/Tests/Tests/Animationstest.cs" />
        <File uid="5" fullPath="D:/Documentos/Lights on/Assets/Tests/Tests/DeathTests.cs" />
        <File uid="6" fullPath="D:/Documentos/Lights on/Assets/Tests/Tests/FinalPlayer2test.cs" />
        <File uid="7" fullPath="D:/Documentos/Lights on/Assets/Tests/Tests/Finalplayertests.cs" />
      </Files>
      <Classes>
        <Class>
          <Summary numSequencePoints="16" visitedSequencePoints="16" numBranchPoints="0" visitedBranchPoints="0" sequenceCoverage="100.0" branchCoverage="0.0" maxCyclomaticComplexity="0" minCyclomaticComplexity="0" maxCrapScore="0" minCrapScore="0" visitedClasses="1" numClasses="1" visitedMethods="3" numMethods="3" />
          <FullName>Actiontests</FullName>
          <Methods>
            <Method visited="true" cyclomaticComplexity="0" nPathComplexity="0" sequenceCoverage="100.0" branchCoverage="0" crapScore="0" isConstructor="false" isStatic="false" isGetter="false" isSetter="false">
              <Summary numSequencePoints="5" visitedSequencePoints="5" numBranchPoints="0" visitedBranchPoints="0" sequenceCoverage="100.0" branchCoverage="0" maxCyclomaticComplexity="0" minCyclomaticComplexity="0" maxCrapScore="0" minCrapScore="0" visitedClasses="0" numClasses="0" visitedMethods="1" numMethods="1" />
              <MetadataToken>100663297</MetadataToken>
              <Name>System.Void Actiontests::SetUp()</Name>
              <FileRef uid="1" />
              <SequencePoints>
                <SequencePoint vc="4" uspid="351" ordinal="0" offset="0" sl="17" sc="5" el="17" ec="5" bec="0" bev="0" fileid="1" />
                <SequencePoint vc="4" uspid="352" ordinal="0" offset="1" sl="18" sc="9" el="18" ec="9" bec="0" bev="0" fileid="1" />
                <SequencePoint vc="4" uspid="353" ordinal="0" offset="47" sl="19" sc="9" el="19" ec="9" bec="0" bev="0" fileid="1" />
                <SequencePoint vc="4" uspid="354" ordinal="0" offset="64" sl="20" sc="9" el="20" ec="9" bec="0" bev="0" fileid="1" />
                <SequencePoint vc="4" uspid="355" ordinal="0" offset="81" sl="21" sc="5" el="21" ec="5" bec="0" bev="0" fileid="1" />
              </SequencePoints>
              <BranchPoints />
            </Method>
            <Method visited="true" cyclomaticComplexity="0" nPathComplexity="0" sequenceCoverage="100.0" branchCoverage="0" crapScore="0" isConstructor="false" isStatic="false" isGetter="false" isSetter="false">
              <Summary numSequencePoints="5" visitedSequencePoints="5" numBranchPoints="0" visitedBranchPoints="0" sequenceCoverage="100.0" branchCoverage="0" maxCyclomaticComplexity="0" minCyclomaticComplexity="0" maxCrapScore="0" minCrapScore="0" visitedClasses="0" numClasses="0" visitedMethods="1" numMethods="1" />
              <MetadataToken>100663298</MetadataToken>
              <Name>System.Void Actiontests::Given_action_When_actionOn_Then_actionstateistrue()</Name>
              <FileRef uid="1" />
              <SequencePoints>
                <SequencePoint vc="1" uspid="356" ordinal="0" offset="0" sl="24" sc="5" el="24" ec="5" bec="0" bev="0" fileid="1" />
                <SequencePoint vc="1" uspid="357" ordinal="0" offset="1" sl="25" sc="9" el="25" ec="9" bec="0" bev="0" fileid="1" />
                <SequencePoint vc="1" uspid="358" ordinal="0" offset="13" sl="26" sc="9" el="26" ec="9" bec="0" bev="0" fileid="1" />
                <SequencePoint vc="1" uspid="359" ordinal="0" offset="35" sl="27" sc="9" el="27" ec="9" bec="0" bev="0" fileid="1" />
                <SequencePoint vc="1" uspid="360" ordinal="0" offset="58" sl="28" sc="5" el="28" ec="5" bec="0" bev="0" fileid="1" />
              </SequencePoints>
              <BranchPoints />
            </Method>
            <Method visited="true" cyclomaticComplexity="0" nPathComplexity="0" sequenceCoverage="100.0" branchCoverage="0" crapScore="0" isConstructor="false" isStatic="false" isGetter="false" isSetter="false">
              <Summary numSequencePoints="6" visitedSequencePoints="6" numBranchPoints="0" visitedBranchPoints="0" sequenceCoverage="100.0" branchCoverage="0" maxCyclomaticComplexity="0" minCyclomaticComplexity="0" maxCrapScore="0" minCrapScore="0" visitedClasses="0" numClasses="0" visitedMethods="1" numMethods="1" />
              <MetadataToken>100663299</MetadataToken>
              <Name>System.Void Actiontests::Given_movementisnotnull_When_actionOn_Then_movementisnotenabled()</Name>
              <FileRef uid="1" />
              <SequencePoints>
                <SequencePoint vc="1" uspid="361" ordinal="0" offset="0" sl="31" sc="5" el="31" ec="5" bec="0" bev="0" fileid="1" />
                <SequencePoint vc="1" uspid="362" ordinal="0" offset="1" sl="32" sc="9" el="32" ec="9" bec="0" bev="0" fileid="1" />
                <SequencePoint vc="1" uspid="363" ordinal="0" offset="18" sl="33" sc="9" el="33" ec="9" bec="0" bev="0" fileid="1" />
                <SequencePoint vc="1" uspid="364" ordinal="0" offset="30" sl="34" sc="9" el="34" ec="9" bec="0" bev="0" fileid="1" />
                <SequencePoint vc="1" uspid="365" ordinal="0" offset="47" sl="35" sc="9" el="35" ec="9" bec="0" bev="0" fileid="1" />
                <SequencePoint vc="1" uspid="366" ordinal="0" offset="70" sl="36" sc="5" el="36" ec="5" bec="0" bev="0" fileid="1" />
              </SequencePoints>
              <BranchPoints />
            </Method>
          </Methods>
        </Class>
        <Class>
          <Summary numSequencePoints="8" visitedSequencePoints="8" numBranchPoints="0" visitedBranchPoints="0" sequenceCoverage="100.0" branchCoverage="0.0" maxCyclomaticComplexity="0" minCyclomaticComplexity="0" maxCrapScore="0" minCrapScore="0" visitedClasses="1" numClasses="1" visitedMethods="1" numMethods="1" />
          <FullName>Animationnoruntests</FullName>
          <Methods>
            <Method visited="true" cyclomaticComplexity="0" nPathComplexity="0" sequenceCoverage="100.0" branchCoverage="0" crapScore="0" isConstructor="false" isStatic="false" isGetter="false" isSetter="false">
              <Summary numSequencePoints="8" visitedSequencePoints="8" numBranchPoints="0" visitedBranchPoints="0" sequenceCoverage="100.0" branchCoverage="0" maxCyclomaticComplexity="0" minCyclomaticComplexity="0" maxCrapScore="0" minCrapScore="0" visitedClasses="0" numClasses="0" visitedMethods="1" numMethods="1" />
              <MetadataToken>100663303</MetadataToken>
              <Name>System.Void Animationnoruntests::Setup()</Name>
              <FileRef uid="2" />
              <SequencePoints>
                <SequencePoint vc="2" uspid="367" ordinal="0" offset="0" sl="21" sc="5" el="21" ec="5" bec="0" bev="0" fileid="2" />
                <SequencePoint vc="2" uspid="368" ordinal="0" offset="1" sl="22" sc="9" el="22" ec="9" bec="0" bev="0" fileid="2" />
                <SequencePoint vc="2" uspid="369" ordinal="0" offset="47" sl="23" sc="9" el="23" ec="9" bec="0" bev="0" fileid="2" />
                <SequencePoint vc="2" uspid="370" ordinal="0" offset="64" sl="24" sc="9" el="24" ec="9" bec="0" bev="0" fileid="2" />
                <SequencePoint vc="2" uspid="371" ordinal="0" offset="81" sl="25" sc="9" el="25" ec="9" bec="0" bev="0" fileid="2" />
                <SequencePoint vc="2" uspid="372" ordinal="0" offset="98" sl="26" sc="9" el="26" ec="9" bec="0" bev="0" fileid="2" />
                <SequencePoint vc="2" uspid="373" ordinal="0" offset="115" sl="27" sc="9" el="27" ec="9" bec="0" bev="0" fileid="2" />
                <SequencePoint vc="2" uspid="374" ordinal="0" offset="127" sl="28" sc="5" el="28" ec="5" bec="0" bev="0" fileid="2" />
              </SequencePoints>
              <BranchPoints />
            </Method>
          </Methods>
        </Class>
        <Class>
          <Summary numSequencePoints="7" visitedSequencePoints="7" numBranchPoints="0" visitedBranchPoints="0" sequenceCoverage="100.0" branchCoverage="0.0" maxCyclomaticComplexity="0" minCyclomaticComplexity="0" maxCrapScore="0" minCrapScore="0" visitedClasses="1" numClasses="1" visitedMethods="1" numMethods="1" />
          <FullName>Animationsdeathtest</FullName>
          <Methods>
            <Method visited="true" cyclomaticComplexity="0" nPathComplexity="0" sequenceCoverage="100.0" branchCoverage="0" crapScore="0" isConstructor="false" isStatic="false" isGetter="false" isSetter="false">
              <Summary numSequencePoints="7" visitedSequencePoints="7" numBranchPoints="0" visitedBranchPoints="0" sequenceCoverage="100.0" branchCoverage="0" maxCyclomaticComplexity="0" minCyclomaticComplexity="0" maxCrapScore="0" minCrapScore="0" visitedClasses="0" numClasses="0" visitedMethods="1" numMethods="1" />
              <MetadataToken>100663307</MetadataToken>
              <Name>System.Void Animationsdeathtest::Setup()</Name>
              <FileRef uid="3" />
              <SequencePoints>
                <SequencePoint vc="1" uspid="375" ordinal="0" offset="0" sl="19" sc="5" el="19" ec="5" bec="0" bev="0" fileid="3" />
                <SequencePoint vc="1" uspid="376" ordinal="0" offset="1" sl="20" sc="9" el="20" ec="9" bec="0" bev="0" fileid="3" />
                <SequencePoint vc="1" uspid="377" ordinal="0" offset="47" sl="21" sc="9" el="21" ec="9" bec="0" bev="0" fileid="3" />
                <SequencePoint vc="1" uspid="378" ordinal="0" offset="64" sl="22" sc="9" el="22" ec="9" bec="0" bev="0" fileid="3" />
                <SequencePoint vc="1" uspid="379" ordinal="0" offset="81" sl="23" sc="9" el="23" ec="9" bec="0" bev="0" fileid="3" />
                <SequencePoint vc="1" uspid="380" ordinal="0" offset="98" sl="24" sc="9" el="24" ec="9" bec="0" bev="0" fileid="3" />
                <SequencePoint vc="1" uspid="381" ordinal="0" offset="110" sl="25" sc="5" el="25" ec="5" bec="0" bev="0" fileid="3" />
              </SequencePoints>
              <BranchPoints />
            </Method>
          </Methods>
        </Class>
        <Class>
          <Summary numSequencePoints="7" visitedSequencePoints="7" numBranchPoints="0" visitedBranchPoints="0" sequenceCoverage="100.0" branchCoverage="0.0" maxCyclomaticComplexity="0" minCyclomaticComplexity="0" maxCrapScore="0" minCrapScore="0" visitedClasses="1" numClasses="1" visitedMethods="1" numMethods="1" />
          <FullName>Animationstest</FullName>
          <Methods>
            <Method visited="true" cyclomaticComplexity="0" nPathComplexity="0" sequenceCoverage="100.0" branchCoverage="0" crapScore="0" isConstructor="false" isStatic="false" isGetter="false" isSetter="false">
              <Summary numSequencePoints="7" visitedSequencePoints="7" numBranchPoints="0" visitedBranchPoints="0" sequenceCoverage="100.0" branchCoverage="0" maxCyclomaticComplexity="0" minCyclomaticComplexity="0" maxCrapScore="0" minCrapScore="0" visitedClasses="0" numClasses="0" visitedMethods="1" numMethods="1" />
              <MetadataToken>100663310</MetadataToken>
              <Name>System.Void Animationstest::Setup()</Name>
              <FileRef uid="4" />
              <SequencePoints>
                <SequencePoint vc="2" uspid="382" ordinal="0" offset="0" sl="17" sc="5" el="17" ec="5" bec="0" bev="0" fileid="4" />
                <SequencePoint vc="2" uspid="383" ordinal="0" offset="1" sl="18" sc="9" el="18" ec="9" bec="0" bev="0" fileid="4" />
                <SequencePoint vc="2" uspid="384" ordinal="0" offset="47" sl="19" sc="9" el="19" ec="9" bec="0" bev="0" fileid="4" />
                <SequencePoint vc="2" uspid="385" ordinal="0" offset="64" sl="20" sc="9" el="20" ec="9" bec="0" bev="0" fileid="4" />
                <SequencePoint vc="2" uspid="386" ordinal="0" offset="81" sl="21" sc="9" el="21" ec="9" bec="0" bev="0" fileid="4" />
                <SequencePoint vc="2" uspid="387" ordinal="0" offset="98" sl="22" sc="9" el="22" ec="9" bec="0" bev="0" fileid="4" />
                <SequencePoint vc="2" uspid="388" ordinal="0" offset="110" sl="23" sc="5" el="23" ec="5" bec="0" bev="0" fileid="4" />
              </SequencePoints>
              <BranchPoints />
            </Method>
          </Methods>
        </Class>
        <Class>
          <Summary numSequencePoints="6" visitedSequencePoints="6" numBranchPoints="0" visitedBranchPoints="0" sequenceCoverage="100.0" branchCoverage="0.0" maxCyclomaticComplexity="0" minCyclomaticComplexity="0" maxCrapScore="0" minCrapScore="0" visitedClasses="1" numClasses="1" visitedMethods="1" numMethods="1" />
          <FullName>DeathTests</FullName>
          <Methods>
            <Method visited="true" cyclomaticComplexity="0" nPathComplexity="0" sequenceCoverage="100.0" branchCoverage="0" crapScore="0" isConstructor="false" isStatic="false" isGetter="false" isSetter="false">
              <Summary numSequencePoints="6" visitedSequencePoints="6" numBranchPoints="0" visitedBranchPoints="0" sequenceCoverage="100.0" branchCoverage="0" maxCyclomaticComplexity="0" minCyclomaticComplexity="0" maxCrapScore="0" minCrapScore="0" visitedClasses="0" numClasses="0" visitedMethods="1" numMethods="1" />
              <MetadataToken>100663314</MetadataToken>
              <Name>System.Void DeathTests::SetUp()</Name>
              <FileRef uid="5" />
              <SequencePoints>
                <SequencePoint vc="1" uspid="389" ordinal="0" offset="0" sl="21" sc="5" el="21" ec="5" bec="0" bev="0" fileid="5" />
                <SequencePoint vc="1" uspid="390" ordinal="0" offset="1" sl="22" sc="9" el="22" ec="9" bec="0" bev="0" fileid="5" />
                <SequencePoint vc="1" uspid="391" ordinal="0" offset="47" sl="23" sc="9" el="23" ec="9" bec="0" bev="0" fileid="5" />
                <SequencePoint vc="1" uspid="392" ordinal="0" offset="93" sl="24" sc="9" el="24" ec="9" bec="0" bev="0" fileid="5" />
                <SequencePoint vc="1" uspid="393" ordinal="0" offset="110" sl="25" sc="9" el="25" ec="9" bec="0" bev="0" fileid="5" />
                <SequencePoint vc="1" uspid="394" ordinal="0" offset="127" sl="26" sc="5" el="26" ec="5" bec="0" bev="0" fileid="5" />
              </SequencePoints>
              <BranchPoints />
            </Method>
          </Methods>
        </Class>
        <Class>
          <Summary numSequencePoints="5" visitedSequencePoints="5" numBranchPoints="0" visitedBranchPoints="0" sequenceCoverage="100.0" branchCoverage="0.0" maxCyclomaticComplexity="0" minCyclomaticComplexity="0" maxCrapScore="0" minCrapScore="0" visitedClasses="1" numClasses="1" visitedMethods="1" numMethods="1" />
          <FullName>FinalPlayer2test</FullName>
          <Methods>
            <Method visited="true" cyclomaticComplexity="0" nPathComplexity="0" sequenceCoverage="100.0" branchCoverage="0" crapScore="0" isConstructor="false" isStatic="false" isGetter="false" isSetter="false">
              <Summary numSequencePoints="5" visitedSequencePoints="5" numBranchPoints="0" visitedBranchPoints="0" sequenceCoverage="100.0" branchCoverage="0" maxCyclomaticComplexity="0" minCyclomaticComplexity="0" maxCrapScore="0" minCrapScore="0" visitedClasses="0" numClasses="0" visitedMethods="1" numMethods="1" />
              <MetadataToken>100663318</MetadataToken>
              <Name>System.Void FinalPlayer2test::SetUp()</Name>
              <FileRef uid="6" />
              <SequencePoints>
                <SequencePoint vc="2" uspid="395" ordinal="0" offset="0" sl="18" sc="5" el="18" ec="5" bec="0" bev="0" fileid="6" />
                <SequencePoint vc="2" uspid="396" ordinal="0" offset="1" sl="19" sc="9" el="19" ec="9" bec="0" bev="0" fileid="6" />
                <SequencePoint vc="2" uspid="397" ordinal="0" offset="47" sl="20" sc="9" el="20" ec="9" bec="0" bev="0" fileid="6" />
                <SequencePoint vc="2" uspid="398" ordinal="0" offset="68" sl="21" sc="9" el="21" ec="9" bec="0" bev="0" fileid="6" />
                <SequencePoint vc="2" uspid="399" ordinal="0" offset="114" sl="22" sc="5" el="22" ec="5" bec="0" bev="0" fileid="6" />
              </SequencePoints>
              <BranchPoints />
            </Method>
          </Methods>
        </Class>
        <Class>
          <Summary numSequencePoints="5" visitedSequencePoints="5" numBranchPoints="0" visitedBranchPoints="0" sequenceCoverage="100.0" branchCoverage="0.0" maxCyclomaticComplexity="0" minCyclomaticComplexity="0" maxCrapScore="0" minCrapScore="0" visitedClasses="1" numClasses="1" visitedMethods="1" numMethods="1" />
          <FullName>Finalplayertests</FullName>
          <Methods>
            <Method visited="true" cyclomaticComplexity="0" nPathComplexity="0" sequenceCoverage="100.0" branchCoverage="0" crapScore="0" isConstructor="false" isStatic="false" isGetter="false" isSetter="false">
              <Summary numSequencePoints="5" visitedSequencePoints="5" numBranchPoints="0" visitedBranchPoints="0" sequenceCoverage="100.0" branchCoverage="0" maxCyclomaticComplexity="0" minCyclomaticComplexity="0" maxCrapScore="0" minCrapScore="0" visitedClasses="0" numClasses="0" visitedMethods="1" numMethods="1" />
              <MetadataToken>100663322</MetadataToken>
              <Name>System.Void Finalplayertests::SetUp()</Name>
              <FileRef uid="7" />
              <SequencePoints>
                <SequencePoint vc="2" uspid="400" ordinal="0" offset="0" sl="18" sc="5" el="18" ec="5" bec="0" bev="0" fileid="7" />
                <SequencePoint vc="2" uspid="401" ordinal="0" offset="1" sl="19" sc="9" el="19" ec="9" bec="0" bev="0" fileid="7" />
                <SequencePoint vc="2" uspid="402" ordinal="0" offset="47" sl="20" sc="9" el="20" ec="9" bec="0" bev="0" fileid="7" />
                <SequencePoint vc="2" uspid="403" ordinal="0" offset="68" sl="21" sc="9" el="21" ec="9" bec="0" bev="0" fileid="7" />
                <SequencePoint vc="2" uspid="404" ordinal="0" offset="114" sl="22" sc="5" el="22" ec="5" bec="0" bev="0" fileid="7" />
              </SequencePoints>
              <BranchPoints />
            </Method>
          </Methods>
        </Class>
        <Class>
          <Summary numSequencePoints="6" visitedSequencePoints="6" numBranchPoints="0" visitedBranchPoints="0" sequenceCoverage="100.0" branchCoverage="0.0" maxCyclomaticComplexity="0" minCyclomaticComplexity="0" maxCrapScore="0" minCrapScore="0" visitedClasses="1" numClasses="1" visitedMethods="1" numMethods="1" />
          <FullName>Actiontests/&lt;Given_passtime_When_actionOn_Then_actionstateisfalse&gt;d__8</FullName>
          <Methods>
            <Method visited="true" cyclomaticComplexity="0" nPathComplexity="0" sequenceCoverage="100.0" branchCoverage="0" crapScore="0" isConstructor="false" isStatic="false" isGetter="false" isSetter="false">
              <Summary numSequencePoints="6" visitedSequencePoints="6" numBranchPoints="0" visitedBranchPoints="0" sequenceCoverage="100.0" branchCoverage="0" maxCyclomaticComplexity="0" minCyclomaticComplexity="0" maxCrapScore="0" minCrapScore="0" visitedClasses="0" numClasses="0" visitedMethods="1" numMethods="1" />
              <MetadataToken>100663328</MetadataToken>
              <Name>System.Boolean Actiontests/&lt;Given_passtime_When_actionOn_Then_actionstateisfalse&gt;d__8::MoveNext()</Name>
              <FileRef uid="1" />
              <SequencePoints>
                <SequencePoint vc="1" uspid="405" ordinal="0" offset="31" sl="39" sc="5" el="39" ec="5" bec="0" bev="0" fileid="1" />
                <SequencePoint vc="1" uspid="406" ordinal="0" offset="32" sl="40" sc="9" el="40" ec="9" bec="0" bev="0" fileid="1" />
                <SequencePoint vc="1" uspid="407" ordinal="0" offset="49" sl="41" sc="9" el="41" ec="9" bec="0" bev="0" fileid="1" />
                <SequencePoint vc="1" uspid="408" ordinal="0" offset="92" sl="42" sc="9" el="42" ec="9" bec="0" bev="0" fileid="1" />
                <SequencePoint vc="1" uspid="409" ordinal="0" offset="124" sl="43" sc="9" el="43" ec="9" bec="0" bev="0" fileid="1" />
                <SequencePoint vc="1" uspid="410" ordinal="0" offset="152" sl="44" sc="5" el="44" ec="5" bec="0" bev="0" fileid="1" />
              </SequencePoints>
              <BranchPoints />
            </Method>
          </Methods>
        </Class>
        <Class>
          <Summary numSequencePoints="7" visitedSequencePoints="7" numBranchPoints="0" visitedBranchPoints="0" sequenceCoverage="100.0" branchCoverage="0.0" maxCyclomaticComplexity="0" minCyclomaticComplexity="0" maxCrapScore="0" minCrapScore="0" visitedClasses="1" numClasses="1" visitedMethods="1" numMethods="1" />
          <FullName>Actiontests/&lt;Given_passtime_When_actionOn_Then_movementisenabled&gt;d__9</FullName>
          <Methods>
            <Method visited="true" cyclomaticComplexity="0" nPathComplexity="0" sequenceCoverage="100.0" branchCoverage="0" crapScore="0" isConstructor="false" isStatic="false" isGetter="false" isSetter="false">
              <Summary numSequencePoints="7" visitedSequencePoints="7" numBranchPoints="0" visitedBranchPoints="0" sequenceCoverage="100.0" branchCoverage="0" maxCyclomaticComplexity="0" minCyclomaticComplexity="0" maxCrapScore="0" minCrapScore="0" visitedClasses="0" numClasses="0" visitedMethods="1" numMethods="1" />
              <MetadataToken>100663334</MetadataToken>
              <Name>System.Boolean Actiontests/&lt;Given_passtime_When_actionOn_Then_movementisenabled&gt;d__9::MoveNext()</Name>
              <FileRef uid="1" />
              <SequencePoints>
                <SequencePoint vc="1" uspid="411" ordinal="0" offset="31" sl="47" sc="5" el="47" ec="5" bec="0" bev="0" fileid="1" />
                <SequencePoint vc="1" uspid="412" ordinal="0" offset="32" sl="48" sc="9" el="48" ec="9" bec="0" bev="0" fileid="1" />
                <SequencePoint vc="1" uspid="413" ordinal="0" offset="59" sl="49" sc="9" el="49" ec="9" bec="0" bev="0" fileid="1" />
                <SequencePoint vc="1" uspid="414" ordinal="0" offset="76" sl="50" sc="9" el="50" ec="9" bec="0" bev="0" fileid="1" />
                <SequencePoint vc="1" uspid="415" ordinal="0" offset="119" sl="51" sc="9" el="51" ec="9" bec="0" bev="0" fileid="1" />
                <SequencePoint vc="1" uspid="416" ordinal="0" offset="146" sl="52" sc="9" el="52" ec="9" bec="0" bev="0" fileid="1" />
                <SequencePoint vc="1" uspid="417" ordinal="0" offset="174" sl="53" sc="5" el="53" ec="5" bec="0" bev="0" fileid="1" />
              </SequencePoints>
              <BranchPoints />
            </Method>
          </Methods>
        </Class>
        <Class>
          <Summary numSequencePoints="5" visitedSequencePoints="5" numBranchPoints="0" visitedBranchPoints="0" sequenceCoverage="100.0" branchCoverage="0.0" maxCyclomaticComplexity="0" minCyclomaticComplexity="0" maxCrapScore="0" minCrapScore="0" visitedClasses="1" numClasses="1" visitedMethods="1" numMethods="1" />
          <FullName>Animationnoruntests/&lt;Give_isnotrunning_When_actionmanagement_Then_idlestateanimatoristrue&gt;d__8</FullName>
          <Methods>
            <Method visited="true" cyclomaticComplexity="0" nPathComplexity="0" sequenceCoverage="100.0" branchCoverage="0" crapScore="0" isConstructor="false" isStatic="false" isGetter="false" isSetter="false">
              <Summary numSequencePoints="5" visitedSequencePoints="5" numBranchPoints="0" visitedBranchPoints="0" sequenceCoverage="100.0" branchCoverage="0" maxCyclomaticComplexity="0" minCyclomaticComplexity="0" maxCrapScore="0" minCrapScore="0" visitedClasses="0" numClasses="0" visitedMethods="1" numMethods="1" />
              <MetadataToken>100663340</MetadataToken>
              <Name>System.Boolean Animationnoruntests/&lt;Give_isnotrunning_When_actionmanagement_Then_idlestateanimatoristrue&gt;d__8::MoveNext()</Name>
              <FileRef uid="2" />
              <SequencePoints>
                <SequencePoint vc="1" uspid="418" ordinal="0" offset="31" sl="31" sc="5" el="31" ec="5" bec="0" bev="0" fileid="2" />
                <SequencePoint vc="1" uspid="419" ordinal="0" offset="32" sl="32" sc="9" el="32" ec="9" bec="0" bev="0" fileid="2" />
                <SequencePoint vc="1" uspid="420" ordinal="0" offset="64" sl="33" sc="9" el="33" ec="9" bec="0" bev="0" fileid="2" />
                <SequencePoint vc="1" uspid="421" ordinal="0" offset="92" sl="34" sc="9" el="34" ec="9" bec="0" bev="0" fileid="2" />
                <SequencePoint vc="1" uspid="422" ordinal="0" offset="115" sl="35" sc="5" el="35" ec="5" bec="0" bev="0" fileid="2" />
              </SequencePoints>
              <BranchPoints />
            </Method>
          </Methods>
        </Class>
        <Class>
          <Summary numSequencePoints="5" visitedSequencePoints="5" numBranchPoints="0" visitedBranchPoints="0" sequenceCoverage="100.0" branchCoverage="0.0" maxCyclomaticComplexity="0" minCyclomaticComplexity="0" maxCrapScore="0" minCrapScore="0" visitedClasses="1" numClasses="1" visitedMethods="1" numMethods="1" />
          <FullName>Animationnoruntests/&lt;Give_isnotrunning_When_actionmanagement_Then_runstateanimatorisfalse&gt;d__9</FullName>
          <Methods>
            <Method visited="true" cyclomaticComplexity="0" nPathComplexity="0" sequenceCoverage="100.0" branchCoverage="0" crapScore="0" isConstructor="false" isStatic="false" isGetter="false" isSetter="false">
              <Summary numSequencePoints="5" visitedSequencePoints="5" numBranchPoints="0" visitedBranchPoints="0" sequenceCoverage="100.0" branchCoverage="0" maxCyclomaticComplexity="0" minCyclomaticComplexity="0" maxCrapScore="0" minCrapScore="0" visitedClasses="0" numClasses="0" visitedMethods="1" numMethods="1" />
              <MetadataToken>100663346</MetadataToken>
              <Name>System.Boolean Animationnoruntests/&lt;Give_isnotrunning_When_actionmanagement_Then_runstateanimatorisfalse&gt;d__9::MoveNext()</Name>
              <FileRef uid="2" />
              <SequencePoints>
                <SequencePoint vc="1" uspid="423" ordinal="0" offset="31" sl="38" sc="5" el="38" ec="5" bec="0" bev="0" fileid="2" />
                <SequencePoint vc="1" uspid="424" ordinal="0" offset="32" sl="39" sc="9" el="39" ec="9" bec="0" bev="0" fileid="2" />
                <SequencePoint vc="1" uspid="425" ordinal="0" offset="64" sl="40" sc="9" el="40" ec="9" bec="0" bev="0" fileid="2" />
                <SequencePoint vc="1" uspid="426" ordinal="0" offset="92" sl="41" sc="9" el="41" ec="9" bec="0" bev="0" fileid="2" />
                <SequencePoint vc="1" uspid="427" ordinal="0" offset="115" sl="42" sc="5" el="42" ec="5" bec="0" bev="0" fileid="2" />
              </SequencePoints>
              <BranchPoints />
            </Method>
          </Methods>
        </Class>
        <Class>
          <Summary numSequencePoints="5" visitedSequencePoints="5" numBranchPoints="0" visitedBranchPoints="0" sequenceCoverage="100.0" branchCoverage="0.0" maxCyclomaticComplexity="0" minCyclomaticComplexity="0" maxCrapScore="0" minCrapScore="0" visitedClasses="1" numClasses="1" visitedMethods="1" numMethods="1" />
          <FullName>Animationsdeathtest/&lt;Give_dead_When_actionmanagement_Then_deathstateanimatoristrue&gt;d__6</FullName>
          <Methods>
            <Method visited="true" cyclomaticComplexity="0" nPathComplexity="0" sequenceCoverage="100.0" branchCoverage="0" crapScore="0" isConstructor="false" isStatic="false" isGetter="false" isSetter="false">
              <Summary numSequencePoints="5" visitedSequencePoints="5" numBranchPoints="0" visitedBranchPoints="0" sequenceCoverage="100.0" branchCoverage="0" maxCyclomaticComplexity="0" minCyclomaticComplexity="0" maxCrapScore="0" minCrapScore="0" visitedClasses="0" numClasses="0" visitedMethods="1" numMethods="1" />
              <MetadataToken>100663352</MetadataToken>
              <Name>System.Boolean Animationsdeathtest/&lt;Give_dead_When_actionmanagement_Then_deathstateanimatoristrue&gt;d__6::MoveNext()</Name>
              <FileRef uid="3" />
              <SequencePoints>
                <SequencePoint vc="1" uspid="428" ordinal="0" offset="31" sl="28" sc="5" el="28" ec="5" bec="0" bev="0" fileid="3" />
                <SequencePoint vc="1" uspid="429" ordinal="0" offset="32" sl="29" sc="9" el="29" ec="9" bec="0" bev="0" fileid="3" />
                <SequencePoint vc="1" uspid="430" ordinal="0" offset="64" sl="30" sc="9" el="30" ec="9" bec="0" bev="0" fileid="3" />
                <SequencePoint vc="1" uspid="431" ordinal="0" offset="92" sl="31" sc="9" el="31" ec="9" bec="0" bev="0" fileid="3" />
                <SequencePoint vc="1" uspid="432" ordinal="0" offset="115" sl="32" sc="5" el="32" ec="5" bec="0" bev="0" fileid="3" />
              </SequencePoints>
              <BranchPoints />
            </Method>
          </Methods>
        </Class>
        <Class>
          <Summary numSequencePoints="5" visitedSequencePoints="5" numBranchPoints="0" visitedBranchPoints="0" sequenceCoverage="100.0" branchCoverage="0.0" maxCyclomaticComplexity="0" minCyclomaticComplexity="0" maxCrapScore="0" minCrapScore="0" visitedClasses="1" numClasses="1" visitedMethods="1" numMethods="1" />
          <FullName>Animationstest/&lt;Give_isrunning_When_actionmanagement_Then_runstateanimatoristrue&gt;d__6</FullName>
          <Methods>
            <Method visited="true" cyclomaticComplexity="0" nPathComplexity="0" sequenceCoverage="100.0" branchCoverage="0" crapScore="0" isConstructor="false" isStatic="false" isGetter="false" isSetter="false">
              <Summary numSequencePoints="5" visitedSequencePoints="5" numBranchPoints="0" visitedBranchPoints="0" sequenceCoverage="100.0" branchCoverage="0" maxCyclomaticComplexity="0" minCyclomaticComplexity="0" maxCrapScore="0" minCrapScore="0" visitedClasses="0" numClasses="0" visitedMethods="1" numMethods="1" />
              <MetadataToken>100663358</MetadataToken>
              <Name>System.Boolean Animationstest/&lt;Give_isrunning_When_actionmanagement_Then_runstateanimatoristrue&gt;d__6::MoveNext()</Name>
              <FileRef uid="4" />
              <SequencePoints>
                <SequencePoint vc="1" uspid="433" ordinal="0" offset="31" sl="26" sc="5" el="26" ec="5" bec="0" bev="0" fileid="4" />
                <SequencePoint vc="1" uspid="434" ordinal="0" offset="32" sl="27" sc="9" el="27" ec="9" bec="0" bev="0" fileid="4" />
                <SequencePoint vc="1" uspid="435" ordinal="0" offset="55" sl="28" sc="9" el="28" ec="9" bec="0" bev="0" fileid="4" />
                <SequencePoint vc="1" uspid="436" ordinal="0" offset="87" sl="29" sc="9" el="29" ec="9" bec="0" bev="0" fileid="4" />
                <SequencePoint vc="1" uspid="437" ordinal="0" offset="115" sl="30" sc="5" el="30" ec="5" bec="0" bev="0" fileid="4" />
              </SequencePoints>
              <BranchPoints />
            </Method>
          </Methods>
        </Class>
        <Class>
          <Summary numSequencePoints="5" visitedSequencePoints="5" numBranchPoints="0" visitedBranchPoints="0" sequenceCoverage="100.0" branchCoverage="0.0" maxCyclomaticComplexity="0" minCyclomaticComplexity="0" maxCrapScore="0" minCrapScore="0" visitedClasses="1" numClasses="1" visitedMethods="1" numMethods="1" />
          <FullName>Animationstest/&lt;Give_isrunning_When_actionmanagement_Then_idlestateanimatorisfalse&gt;d__7</FullName>
          <Methods>
            <Method visited="true" cyclomaticComplexity="0" nPathComplexity="0" sequenceCoverage="100.0" branchCoverage="0" crapScore="0" isConstructor="false" isStatic="false" isGetter="false" isSetter="false">
              <Summary numSequencePoints="5" visitedSequencePoints="5" numBranchPoints="0" visitedBranchPoints="0" sequenceCoverage="100.0" branchCoverage="0" maxCyclomaticComplexity="0" minCyclomaticComplexity="0" maxCrapScore="0" minCrapScore="0" visitedClasses="0" numClasses="0" visitedMethods="1" numMethods="1" />
              <MetadataToken>100663364</MetadataToken>
              <Name>System.Boolean Animationstest/&lt;Give_isrunning_When_actionmanagement_Then_idlestateanimatorisfalse&gt;d__7::MoveNext()</Name>
              <FileRef uid="4" />
              <SequencePoints>
                <SequencePoint vc="1" uspid="438" ordinal="0" offset="31" sl="33" sc="5" el="33" ec="5" bec="0" bev="0" fileid="4" />
                <SequencePoint vc="1" uspid="439" ordinal="0" offset="32" sl="34" sc="9" el="34" ec="9" bec="0" bev="0" fileid="4" />
                <SequencePoint vc="1" uspid="440" ordinal="0" offset="59" sl="35" sc="9" el="35" ec="9" bec="0" bev="0" fileid="4" />
                <SequencePoint vc="1" uspid="441" ordinal="0" offset="91" sl="36" sc="9" el="36" ec="9" bec="0" bev="0" fileid="4" />
                <SequencePoint vc="1" uspid="442" ordinal="0" offset="119" sl="37" sc="5" el="37" ec="5" bec="0" bev="0" fileid="4" />
              </SequencePoints>
              <BranchPoints />
            </Method>
          </Methods>
        </Class>
        <Class>
          <Summary numSequencePoints="4" visitedSequencePoints="4" numBranchPoints="0" visitedBranchPoints="0" sequenceCoverage="100.0" branchCoverage="0.0" maxCyclomaticComplexity="0" minCyclomaticComplexity="0" maxCrapScore="0" minCrapScore="0" visitedClasses="1" numClasses="1" visitedMethods="1" numMethods="1" />
          <FullName>DeathTests/&lt;Given_objectwithtagTrap_When_ontriggerenter2D_Then_deadisTrue&gt;d__7</FullName>
          <Methods>
            <Method visited="true" cyclomaticComplexity="0" nPathComplexity="0" sequenceCoverage="100.0" branchCoverage="0" crapScore="0" isConstructor="false" isStatic="false" isGetter="false" isSetter="false">
              <Summary numSequencePoints="4" visitedSequencePoints="4" numBranchPoints="0" visitedBranchPoints="0" sequenceCoverage="100.0" branchCoverage="0" maxCyclomaticComplexity="0" minCyclomaticComplexity="0" maxCrapScore="0" minCrapScore="0" visitedClasses="0" numClasses="0" visitedMethods="1" numMethods="1" />
              <MetadataToken>100663370</MetadataToken>
              <Name>System.Boolean DeathTests/&lt;Given_objectwithtagTrap_When_ontriggerenter2D_Then_deadisTrue&gt;d__7::MoveNext()</Name>
              <FileRef uid="5" />
              <SequencePoints>
                <SequencePoint vc="1" uspid="443" ordinal="0" offset="31" sl="29" sc="5" el="29" ec="5" bec="0" bev="0" fileid="5" />
                <SequencePoint vc="1" uspid="444" ordinal="0" offset="32" sl="30" sc="9" el="30" ec="9" bec="0" bev="0" fileid="5" />
                <SequencePoint vc="1" uspid="445" ordinal="0" offset="55" sl="31" sc="9" el="31" ec="9" bec="0" bev="0" fileid="5" />
                <SequencePoint vc="1" uspid="446" ordinal="0" offset="88" sl="32" sc="5" el="32" ec="5" bec="0" bev="0" fileid="5" />
              </SequencePoints>
              <BranchPoints />
            </Method>
          </Methods>
        </Class>
        <Class>
          <Summary numSequencePoints="5" visitedSequencePoints="5" numBranchPoints="0" visitedBranchPoints="0" sequenceCoverage="100.0" branchCoverage="0.0" maxCyclomaticComplexity="0" minCyclomaticComplexity="0" maxCrapScore="0" minCrapScore="0" visitedClasses="1" numClasses="1" visitedMethods="1" numMethods="1" />
          <FullName>DeathTests/&lt;Given_passtime_When_ontriggerenter2D_Then_loadlevel1&gt;d__8</FullName>
          <Methods>
            <Method visited="true" cyclomaticComplexity="0" nPathComplexity="0" sequenceCoverage="100.0" branchCoverage="0" crapScore="0" isConstructor="false" isStatic="false" isGetter="false" isSetter="false">
              <Summary numSequencePoints="5" visitedSequencePoints="5" numBranchPoints="0" visitedBranchPoints="0" sequenceCoverage="100.0" branchCoverage="0" maxCyclomaticComplexity="0" minCyclomaticComplexity="0" maxCrapScore="0" minCrapScore="0" visitedClasses="0" numClasses="0" visitedMethods="1" numMethods="1" />
              <MetadataToken>100663376</MetadataToken>
              <Name>System.Boolean DeathTests/&lt;Given_passtime_When_ontriggerenter2D_Then_loadlevel1&gt;d__8::MoveNext()</Name>
              <FileRef uid="5" />
              <SequencePoints>
                <SequencePoint vc="1" uspid="447" ordinal="0" offset="31" sl="35" sc="5" el="35" ec="5" bec="0" bev="0" fileid="5" />
                <SequencePoint vc="1" uspid="448" ordinal="0" offset="32" sl="36" sc="9" el="36" ec="9" bec="0" bev="0" fileid="5" />
                <SequencePoint vc="1" uspid="449" ordinal="0" offset="70" sl="37" sc="9" el="37" ec="9" bec="0" bev="0" fileid="5" />
                <SequencePoint vc="1" uspid="450" ordinal="0" offset="81" sl="38" sc="9" el="38" ec="9" bec="0" bev="0" fileid="5" />
                <SequencePoint vc="1" uspid="451" ordinal="0" offset="103" sl="39" sc="5" el="39" ec="5" bec="0" bev="0" fileid="5" />
              </SequencePoints>
              <BranchPoints />
            </Method>
          </Methods>
        </Class>
        <Class>
          <Summary numSequencePoints="5" visitedSequencePoints="5" numBranchPoints="0" visitedBranchPoints="0" sequenceCoverage="100.0" branchCoverage="0.0" maxCyclomaticComplexity="0" minCyclomaticComplexity="0" maxCrapScore="0" minCrapScore="0" visitedClasses="1" numClasses="1" visitedMethods="1" numMethods="1" />
          <FullName>FinalPlayer2test/&lt;Given_tagplayer2_When_ontriggercollider2d_Then_player2finished&gt;d__6</FullName>
          <Methods>
            <Method visited="true" cyclomaticComplexity="0" nPathComplexity="0" sequenceCoverage="100.0" branchCoverage="0" crapScore="0" isConstructor="false" isStatic="false" isGetter="false" isSetter="false">
              <Summary numSequencePoints="5" visitedSequencePoints="5" numBranchPoints="0" visitedBranchPoints="0" sequenceCoverage="100.0" branchCoverage="0" maxCyclomaticComplexity="0" minCyclomaticComplexity="0" maxCrapScore="0" minCrapScore="0" visitedClasses="0" numClasses="0" visitedMethods="1" numMethods="1" />
              <MetadataToken>100663382</MetadataToken>
              <Name>System.Boolean FinalPlayer2test/&lt;Given_tagplayer2_When_ontriggercollider2d_Then_player2finished&gt;d__6::MoveNext()</Name>
              <FileRef uid="6" />
              <SequencePoints>
                <SequencePoint vc="1" uspid="452" ordinal="0" offset="31" sl="25" sc="5" el="25" ec="5" bec="0" bev="0" fileid="6" />
                <SequencePoint vc="1" uspid="453" ordinal="0" offset="32" sl="26" sc="9" el="26" ec="9" bec="0" bev="0" fileid="6" />
                <SequencePoint vc="1" uspid="454" ordinal="0" offset="59" sl="27" sc="9" el="27" ec="9" bec="0" bev="0" fileid="6" />
                <SequencePoint vc="1" uspid="455" ordinal="0" offset="76" sl="28" sc="9" el="28" ec="9" bec="0" bev="0" fileid="6" />
                <SequencePoint vc="1" uspid="456" ordinal="0" offset="99" sl="29" sc="5" el="29" ec="5" bec="0" bev="0" fileid="6" />
              </SequencePoints>
              <BranchPoints />
            </Method>
          </Methods>
        </Class>
        <Class>
          <Summary numSequencePoints="6" visitedSequencePoints="6" numBranchPoints="0" visitedBranchPoints="0" sequenceCoverage="100.0" branchCoverage="0.0" maxCyclomaticComplexity="0" minCyclomaticComplexity="0" maxCrapScore="0" minCrapScore="0" visitedClasses="1" numClasses="1" visitedMethods="1" numMethods="1" />
          <FullName>FinalPlayer2test/&lt;Given_tagplayer2_When_ontriggercollider2dexit_Then_player2notfinished&gt;d__7</FullName>
          <Methods>
            <Method visited="true" cyclomaticComplexity="0" nPathComplexity="0" sequenceCoverage="100.0" branchCoverage="0" crapScore="0" isConstructor="false" isStatic="false" isGetter="false" isSetter="false">
              <Summary numSequencePoints="6" visitedSequencePoints="6" numBranchPoints="0" visitedBranchPoints="0" sequenceCoverage="100.0" branchCoverage="0" maxCyclomaticComplexity="0" minCyclomaticComplexity="0" maxCrapScore="0" minCrapScore="0" visitedClasses="0" numClasses="0" visitedMethods="1" numMethods="1" />
              <MetadataToken>100663388</MetadataToken>
              <Name>System.Boolean FinalPlayer2test/&lt;Given_tagplayer2_When_ontriggercollider2dexit_Then_player2notfinished&gt;d__7::MoveNext()</Name>
              <FileRef uid="6" />
              <SequencePoints>
                <SequencePoint vc="1" uspid="457" ordinal="0" offset="31" sl="32" sc="5" el="32" ec="5" bec="0" bev="0" fileid="6" />
                <SequencePoint vc="1" uspid="458" ordinal="0" offset="32" sl="33" sc="9" el="33" ec="9" bec="0" bev="0" fileid="6" />
                <SequencePoint vc="1" uspid="459" ordinal="0" offset="50" sl="34" sc="9" el="34" ec="9" bec="0" bev="0" fileid="6" />
                <SequencePoint vc="1" uspid="460" ordinal="0" offset="77" sl="35" sc="9" el="35" ec="9" bec="0" bev="0" fileid="6" />
                <SequencePoint vc="1" uspid="461" ordinal="0" offset="104" sl="36" sc="9" el="36" ec="9" bec="0" bev="0" fileid="6" />
                <SequencePoint vc="1" uspid="462" ordinal="0" offset="121" sl="37" sc="5" el="37" ec="5" bec="0" bev="0" fileid="6" />
              </SequencePoints>
              <BranchPoints />
            </Method>
          </Methods>
        </Class>
        <Class>
          <Summary numSequencePoints="5" visitedSequencePoints="5" numBranchPoints="0" visitedBranchPoints="0" sequenceCoverage="100.0" branchCoverage="0.0" maxCyclomaticComplexity="0" minCyclomaticComplexity="0" maxCrapScore="0" minCrapScore="0" visitedClasses="1" numClasses="1" visitedMethods="1" numMethods="1" />
          <FullName>Finalplayertests/&lt;Given_tagplayer1_When_ontriggercollider2d_Then_player1finished&gt;d__6</FullName>
          <Methods>
            <Method visited="true" cyclomaticComplexity="0" nPathComplexity="0" sequenceCoverage="100.0" branchCoverage="0" crapScore="0" isConstructor="false" isStatic="false" isGetter="false" isSetter="false">
              <Summary numSequencePoints="5" visitedSequencePoints="5" numBranchPoints="0" visitedBranchPoints="0" sequenceCoverage="100.0" branchCoverage="0" maxCyclomaticComplexity="0" minCyclomaticComplexity="0" maxCrapScore="0" minCrapScore="0" visitedClasses="0" numClasses="0" visitedMethods="1" numMethods="1" />
              <MetadataToken>100663394</MetadataToken>
              <Name>System.Boolean Finalplayertests/&lt;Given_tagplayer1_When_ontriggercollider2d_Then_player1finished&gt;d__6::MoveNext()</Name>
              <FileRef uid="7" />
              <SequencePoints>
                <SequencePoint vc="1" uspid="463" ordinal="0" offset="31" sl="25" sc="5" el="25" ec="5" bec="0" bev="0" fileid="7" />
                <SequencePoint vc="1" uspid="464" ordinal="0" offset="32" sl="26" sc="9" el="26" ec="9" bec="0" bev="0" fileid="7" />
                <SequencePoint vc="1" uspid="465" ordinal="0" offset="59" sl="27" sc="9" el="27" ec="9" bec="0" bev="0" fileid="7" />
                <SequencePoint vc="1" uspid="466" ordinal="0" offset="76" sl="28" sc="9" el="28" ec="9" bec="0" bev="0" fileid="7" />
                <SequencePoint vc="1" uspid="467" ordinal="0" offset="99" sl="29" sc="5" el="29" ec="5" bec="0" bev="0" fileid="7" />
              </SequencePoints>
              <BranchPoints />
            </Method>
          </Methods>
        </Class>
        <Class>
          <Summary numSequencePoints="6" visitedSequencePoints="6" numBranchPoints="0" visitedBranchPoints="0" sequenceCoverage="100.0" branchCoverage="0.0" maxCyclomaticComplexity="0" minCyclomaticComplexity="0" maxCrapScore="0" minCrapScore="0" visitedClasses="1" numClasses="1" visitedMethods="1" numMethods="1" />
          <FullName>Finalplayertests/&lt;Given_tagplayer1_When_ontriggercollider2dexit_Then_player1notfinished&gt;d__7</FullName>
          <Methods>
            <Method visited="true" cyclomaticComplexity="0" nPathComplexity="0" sequenceCoverage="100.0" branchCoverage="0" crapScore="0" isConstructor="false" isStatic="false" isGetter="false" isSetter="false">
              <Summary numSequencePoints="6" visitedSequencePoints="6" numBranchPoints="0" visitedBranchPoints="0" sequenceCoverage="100.0" branchCoverage="0" maxCyclomaticComplexity="0" minCyclomaticComplexity="0" maxCrapScore="0" minCrapScore="0" visitedClasses="0" numClasses="0" visitedMethods="1" numMethods="1" />
              <MetadataToken>100663400</MetadataToken>
              <Name>System.Boolean Finalplayertests/&lt;Given_tagplayer1_When_ontriggercollider2dexit_Then_player1notfinished&gt;d__7::MoveNext()</Name>
              <FileRef uid="7" />
              <SequencePoints>
                <SequencePoint vc="1" uspid="468" ordinal="0" offset="31" sl="32" sc="5" el="32" ec="5" bec="0" bev="0" fileid="7" />
                <SequencePoint vc="1" uspid="469" ordinal="0" offset="32" sl="33" sc="9" el="33" ec="9" bec="0" bev="0" fileid="7" />
                <SequencePoint vc="1" uspid="470" ordinal="0" offset="50" sl="34" sc="9" el="34" ec="9" bec="0" bev="0" fileid="7" />
                <SequencePoint vc="1" uspid="471" ordinal="0" offset="77" sl="35" sc="9" el="35" ec="9" bec="0" bev="0" fileid="7" />
                <SequencePoint vc="1" uspid="472" ordinal="0" offset="100" sl="36" sc="9" el="36" ec="9" bec="0" bev="0" fileid="7" />
                <SequencePoint vc="1" uspid="473" ordinal="0" offset="117" sl="37" sc="5" el="37" ec="5" bec="0" bev="0" fileid="7" />
              </SequencePoints>
              <BranchPoints />
            </Method>
          </Methods>
        </Class>
      </Classes>
    </Module>
    <Module>
      <Summary numSequencePoints="194" visitedSequencePoints="165" numBranchPoints="0" visitedBranchPoints="0" sequenceCoverage="85.05" branchCoverage="0.0" maxCyclomaticComplexity="0" minCyclomaticComplexity="0" maxCrapScore="0" minCrapScore="0" visitedClasses="13" numClasses="13" visitedMethods="31" numMethods="31" />
      <ModuleTime>0001-01-01T00:00:00</ModuleTime>
      <ModuleName>Scripts</ModuleName>
      <Files>
        <File uid="8" fullPath="D:/Documentos/Lights on/Assets/Scripts/Animations.cs" />
        <File uid="9" fullPath="D:/Documentos/Lights on/Assets/Scripts/BlakkrManager.cs" />
        <File uid="10" fullPath="D:/Documentos/Lights on/Assets/Scripts/Death.cs" />
        <File uid="11" fullPath="D:/Documentos/Lights on/Assets/Scripts/EventManager.cs" />
        <File uid="12" fullPath="D:/Documentos/Lights on/Assets/Scripts/FinalLevel.cs" />
        <File uid="13" fullPath="D:/Documentos/Lights on/Assets/Scripts/FinalPlayer.cs" />
        <File uid="14" fullPath="D:/Documentos/Lights on/Assets/Scripts/Jump.cs" />
        <File uid="15" fullPath="D:/Documentos/Lights on/Assets/Scripts/Movement.cs" />
        <File uid="16" fullPath="D:/Documentos/Lights on/Assets/Scripts/TestEvent.cs" />
        <File uid="17" fullPath="D:/Documentos/Lights on/Assets/Scripts/Timer.cs" />
        <File uid="18" fullPath="D:/Documentos/Lights on/Assets/Scripts/WhalyManagement.cs" />
      </Files>
      <Classes>
        <Class>
          <Summary numSequencePoints="24" visitedSequencePoints="24" numBranchPoints="0" visitedBranchPoints="0" sequenceCoverage="100.0" branchCoverage="0.0" maxCyclomaticComplexity="0" minCyclomaticComplexity="0" maxCrapScore="0" minCrapScore="0" visitedClasses="1" numClasses="1" visitedMethods="3" numMethods="3" />
          <FullName>Animations</FullName>
          <Methods>
            <Method visited="true" cyclomaticComplexity="0" nPathComplexity="0" sequenceCoverage="100.0" branchCoverage="0" crapScore="0" isConstructor="false" isStatic="false" isGetter="false" isSetter="false">
              <Summary numSequencePoints="3" visitedSequencePoints="3" numBranchPoints="0" visitedBranchPoints="0" sequenceCoverage="100.0" branchCoverage="0" maxCyclomaticComplexity="0" minCyclomaticComplexity="0" maxCrapScore="0" minCrapScore="0" visitedClasses="0" numClasses="0" visitedMethods="1" numMethods="1" />
              <MetadataToken>100663297</MetadataToken>
              <Name>System.Void Animations::FixedUpdate()</Name>
              <FileRef uid="8" />
              <SequencePoints>
                <SequencePoint vc="934" uspid="474" ordinal="0" offset="0" sl="11" sc="5" el="11" ec="5" bec="0" bev="0" fileid="8" />
                <SequencePoint vc="934" uspid="475" ordinal="0" offset="1" sl="12" sc="9" el="12" ec="9" bec="0" bev="0" fileid="8" />
                <SequencePoint vc="934" uspid="476" ordinal="0" offset="8" sl="13" sc="5" el="13" ec="5" bec="0" bev="0" fileid="8" />
              </SequencePoints>
              <BranchPoints />
            </Method>
            <Method visited="true" cyclomaticComplexity="0" nPathComplexity="0" sequenceCoverage="100.0" branchCoverage="0" crapScore="0" isConstructor="false" isStatic="false" isGetter="false" isSetter="false">
              <Summary numSequencePoints="6" visitedSequencePoints="6" numBranchPoints="0" visitedBranchPoints="0" sequenceCoverage="100.0" branchCoverage="0" maxCyclomaticComplexity="0" minCyclomaticComplexity="0" maxCrapScore="0" minCrapScore="0" visitedClasses="0" numClasses="0" visitedMethods="1" numMethods="1" />
              <MetadataToken>100663298</MetadataToken>
              <Name>System.Void Animations::actionOn()</Name>
              <FileRef uid="8" />
              <SequencePoints>
                <SequencePoint vc="4" uspid="477" ordinal="0" offset="0" sl="15" sc="5" el="15" ec="5" bec="0" bev="0" fileid="8" />
                <SequencePoint vc="4" uspid="478" ordinal="0" offset="1" sl="16" sc="9" el="16" ec="9" bec="0" bev="0" fileid="8" />
                <SequencePoint vc="4" uspid="479" ordinal="0" offset="19" sl="17" sc="9" el="17" ec="9" bec="0" bev="0" fileid="8" />
                <SequencePoint vc="4" uspid="480" ordinal="0" offset="31" sl="18" sc="9" el="18" ec="9" bec="0" bev="0" fileid="8" />
                <SequencePoint vc="4" uspid="481" ordinal="0" offset="47" sl="19" sc="13" el="19" ec="13" bec="0" bev="0" fileid="8" />
                <SequencePoint vc="4" uspid="482" ordinal="0" offset="60" sl="20" sc="5" el="20" ec="5" bec="0" bev="0" fileid="8" />
              </SequencePoints>
              <BranchPoints />
            </Method>
            <Method visited="true" cyclomaticComplexity="0" nPathComplexity="0" sequenceCoverage="100.0" branchCoverage="0" crapScore="0" isConstructor="false" isStatic="false" isGetter="false" isSetter="false">
              <Summary numSequencePoints="15" visitedSequencePoints="15" numBranchPoints="0" visitedBranchPoints="0" sequenceCoverage="100.0" branchCoverage="0" maxCyclomaticComplexity="0" minCyclomaticComplexity="0" maxCrapScore="0" minCrapScore="0" visitedClasses="0" numClasses="0" visitedMethods="1" numMethods="1" />
              <MetadataToken>100663300</MetadataToken>
              <Name>System.Void Animations::Animationmanagement()</Name>
              <FileRef uid="8" />
              <SequencePoints>
                <SequencePoint vc="934" uspid="483" ordinal="0" offset="0" sl="29" sc="5" el="29" ec="5" bec="0" bev="0" fileid="8" />
                <SequencePoint vc="934" uspid="484" ordinal="0" offset="1" sl="30" sc="9" el="30" ec="9" bec="0" bev="0" fileid="8" />
                <SequencePoint vc="127" uspid="485" ordinal="0" offset="16" sl="31" sc="9" el="31" ec="9" bec="0" bev="0" fileid="8" />
                <SequencePoint vc="127" uspid="486" ordinal="0" offset="17" sl="32" sc="13" el="32" ec="13" bec="0" bev="0" fileid="8" />
                <SequencePoint vc="127" uspid="487" ordinal="0" offset="35" sl="33" sc="13" el="33" ec="13" bec="0" bev="0" fileid="8" />
                <SequencePoint vc="127" uspid="488" ordinal="0" offset="53" sl="34" sc="9" el="34" ec="9" bec="0" bev="0" fileid="8" />
                <SequencePoint vc="807" uspid="489" ordinal="0" offset="56" sl="36" sc="9" el="36" ec="9" bec="0" bev="0" fileid="8" />
                <SequencePoint vc="807" uspid="490" ordinal="0" offset="57" sl="37" sc="13" el="37" ec="13" bec="0" bev="0" fileid="8" />
                <SequencePoint vc="807" uspid="491" ordinal="0" offset="75" sl="38" sc="13" el="38" ec="13" bec="0" bev="0" fileid="8" />
                <SequencePoint vc="807" uspid="492" ordinal="0" offset="93" sl="39" sc="9" el="39" ec="9" bec="0" bev="0" fileid="8" />
                <SequencePoint vc="934" uspid="493" ordinal="0" offset="94" sl="40" sc="9" el="40" ec="9" bec="0" bev="0" fileid="8" />
                <SequencePoint vc="186" uspid="494" ordinal="0" offset="109" sl="41" sc="9" el="41" ec="9" bec="0" bev="0" fileid="8" />
                <SequencePoint vc="186" uspid="495" ordinal="0" offset="110" sl="42" sc="13" el="42" ec="13" bec="0" bev="0" fileid="8" />
                <SequencePoint vc="186" uspid="496" ordinal="0" offset="128" sl="43" sc="9" el="43" ec="9" bec="0" bev="0" fileid="8" />
                <SequencePoint vc="934" uspid="497" ordinal="0" offset="129" sl="44" sc="5" el="44" ec="5" bec="0" bev="0" fileid="8" />
              </SequencePoints>
              <BranchPoints />
            </Method>
          </Methods>
        </Class>
        <Class>
          <Summary numSequencePoints="12" visitedSequencePoints="12" numBranchPoints="0" visitedBranchPoints="0" sequenceCoverage="100.0" branchCoverage="0.0" maxCyclomaticComplexity="0" minCyclomaticComplexity="0" maxCrapScore="0" minCrapScore="0" visitedClasses="1" numClasses="1" visitedMethods="4" numMethods="4" />
          <FullName>BlakkrManager</FullName>
          <Methods>
            <Method visited="true" cyclomaticComplexity="0" nPathComplexity="0" sequenceCoverage="100.0" branchCoverage="0" crapScore="0" isConstructor="false" isStatic="false" isGetter="true" isSetter="false">
              <Summary numSequencePoints="3" visitedSequencePoints="3" numBranchPoints="0" visitedBranchPoints="0" sequenceCoverage="100.0" branchCoverage="0" maxCyclomaticComplexity="0" minCyclomaticComplexity="0" maxCrapScore="0" minCrapScore="0" visitedClasses="0" numClasses="0" visitedMethods="1" numMethods="1" />
              <MetadataToken>100663302</MetadataToken>
              <Name>System.String BlakkrManager::get_GetJumpKey()</Name>
              <FileRef uid="9" />
              <SequencePoints>
                <SequencePoint vc="1892" uspid="498" ordinal="0" offset="0" sl="13" sc="13" el="13" ec="13" bec="0" bev="0" fileid="9" />
                <SequencePoint vc="1892" uspid="499" ordinal="0" offset="1" sl="13" sc="15" el="13" ec="15" bec="0" bev="0" fileid="9" />
                <SequencePoint vc="1892" uspid="500" ordinal="0" offset="10" sl="13" sc="28" el="13" ec="28" bec="0" bev="0" fileid="9" />
              </SequencePoints>
              <BranchPoints />
            </Method>
            <Method visited="true" cyclomaticComplexity="0" nPathComplexity="0" sequenceCoverage="100.0" branchCoverage="0" crapScore="0" isConstructor="false" isStatic="false" isGetter="true" isSetter="false">
              <Summary numSequencePoints="3" visitedSequencePoints="3" numBranchPoints="0" visitedBranchPoints="0" sequenceCoverage="100.0" branchCoverage="0" maxCyclomaticComplexity="0" minCyclomaticComplexity="0" maxCrapScore="0" minCrapScore="0" visitedClasses="0" numClasses="0" visitedMethods="1" numMethods="1" />
              <MetadataToken>100663303</MetadataToken>
              <Name>System.String BlakkrManager::get_GetLeftKey()</Name>
              <FileRef uid="9" />
              <SequencePoints>
                <SequencePoint vc="618" uspid="501" ordinal="0" offset="0" sl="17" sc="13" el="17" ec="13" bec="0" bev="0" fileid="9" />
                <SequencePoint vc="618" uspid="502" ordinal="0" offset="1" sl="17" sc="15" el="17" ec="15" bec="0" bev="0" fileid="9" />
                <SequencePoint vc="618" uspid="503" ordinal="0" offset="10" sl="17" sc="32" el="17" ec="32" bec="0" bev="0" fileid="9" />
              </SequencePoints>
              <BranchPoints />
            </Method>
            <Method visited="true" cyclomaticComplexity="0" nPathComplexity="0" sequenceCoverage="100.0" branchCoverage="0" crapScore="0" isConstructor="false" isStatic="false" isGetter="true" isSetter="false">
              <Summary numSequencePoints="3" visitedSequencePoints="3" numBranchPoints="0" visitedBranchPoints="0" sequenceCoverage="100.0" branchCoverage="0" maxCyclomaticComplexity="0" minCyclomaticComplexity="0" maxCrapScore="0" minCrapScore="0" visitedClasses="0" numClasses="0" visitedMethods="1" numMethods="1" />
              <MetadataToken>100663304</MetadataToken>
              <Name>System.String BlakkrManager::get_GetRightKey()</Name>
              <FileRef uid="9" />
              <SequencePoints>
                <SequencePoint vc="551" uspid="504" ordinal="0" offset="0" sl="21" sc="13" el="21" ec="13" bec="0" bev="0" fileid="9" />
                <SequencePoint vc="551" uspid="505" ordinal="0" offset="1" sl="21" sc="15" el="21" ec="15" bec="0" bev="0" fileid="9" />
                <SequencePoint vc="551" uspid="506" ordinal="0" offset="10" sl="21" sc="33" el="21" ec="33" bec="0" bev="0" fileid="9" />
              </SequencePoints>
              <BranchPoints />
            </Method>
            <Method visited="true" cyclomaticComplexity="0" nPathComplexity="0" sequenceCoverage="100.0" branchCoverage="0" crapScore="0" isConstructor="true" isStatic="false" isGetter="false" isSetter="false">
              <Summary numSequencePoints="3" visitedSequencePoints="3" numBranchPoints="0" visitedBranchPoints="0" sequenceCoverage="100.0" branchCoverage="0" maxCyclomaticComplexity="0" minCyclomaticComplexity="0" maxCrapScore="0" minCrapScore="0" visitedClasses="0" numClasses="0" visitedMethods="1" numMethods="1" />
              <MetadataToken>100663305</MetadataToken>
              <Name>BlakkrManager::BlakkrManager()</Name>
              <FileRef uid="9" />
              <SequencePoints>
                <SequencePoint vc="50" uspid="507" ordinal="0" offset="0" sl="7" sc="5" el="7" ec="5" bec="0" bev="0" fileid="9" />
                <SequencePoint vc="50" uspid="508" ordinal="0" offset="11" sl="8" sc="5" el="8" ec="5" bec="0" bev="0" fileid="9" />
                <SequencePoint vc="50" uspid="509" ordinal="0" offset="22" sl="9" sc="5" el="9" ec="5" bec="0" bev="0" fileid="9" />
              </SequencePoints>
              <BranchPoints />
            </Method>
          </Methods>
        </Class>
        <Class>
          <Summary numSequencePoints="9" visitedSequencePoints="9" numBranchPoints="0" visitedBranchPoints="0" sequenceCoverage="100.0" branchCoverage="0.0" maxCyclomaticComplexity="0" minCyclomaticComplexity="0" maxCrapScore="0" minCrapScore="0" visitedClasses="1" numClasses="1" visitedMethods="1" numMethods="1" />
          <FullName>Death</FullName>
          <Methods>
            <Method visited="true" cyclomaticComplexity="0" nPathComplexity="0" sequenceCoverage="100.0" branchCoverage="0" crapScore="0" isConstructor="false" isStatic="false" isGetter="false" isSetter="false">
              <Summary numSequencePoints="9" visitedSequencePoints="9" numBranchPoints="0" visitedBranchPoints="0" sequenceCoverage="100.0" branchCoverage="0" maxCyclomaticComplexity="0" minCyclomaticComplexity="0" maxCrapScore="0" minCrapScore="0" visitedClasses="0" numClasses="0" visitedMethods="1" numMethods="1" />
              <MetadataToken>100663306</MetadataToken>
              <Name>System.Void Death::OnCollisionEnter2D(UnityEngine.Collision2D)</Name>
              <FileRef uid="10" />
              <SequencePoints>
                <SequencePoint vc="51" uspid="510" ordinal="0" offset="0" sl="13" sc="5" el="13" ec="5" bec="0" bev="0" fileid="10" />
                <SequencePoint vc="51" uspid="511" ordinal="0" offset="1" sl="14" sc="9" el="14" ec="9" bec="0" bev="0" fileid="10" />
                <SequencePoint vc="3" uspid="512" ordinal="0" offset="21" sl="15" sc="9" el="15" ec="9" bec="0" bev="0" fileid="10" />
                <SequencePoint vc="3" uspid="513" ordinal="0" offset="22" sl="16" sc="13" el="16" ec="13" bec="0" bev="0" fileid="10" />
                <SequencePoint vc="3" uspid="514" ordinal="0" offset="34" sl="17" sc="13" el="17" ec="13" bec="0" bev="0" fileid="10" />
                <SequencePoint vc="3" uspid="515" ordinal="0" offset="41" sl="18" sc="13" el="18" ec="13" bec="0" bev="0" fileid="10" />
                <SequencePoint vc="3" uspid="516" ordinal="0" offset="53" sl="19" sc="13" el="19" ec="13" bec="0" bev="0" fileid="10" />
                <SequencePoint vc="3" uspid="517" ordinal="0" offset="65" sl="20" sc="9" el="20" ec="9" bec="0" bev="0" fileid="10" />
                <SequencePoint vc="51" uspid="518" ordinal="0" offset="66" sl="21" sc="5" el="21" ec="5" bec="0" bev="0" fileid="10" />
              </SequencePoints>
              <BranchPoints />
            </Method>
          </Methods>
        </Class>
        <Class>
          <Summary numSequencePoints="12" visitedSequencePoints="12" numBranchPoints="0" visitedBranchPoints="0" sequenceCoverage="100.0" branchCoverage="0.0" maxCyclomaticComplexity="0" minCyclomaticComplexity="0" maxCrapScore="0" minCrapScore="0" visitedClasses="1" numClasses="1" visitedMethods="2" numMethods="2" />
          <FullName>FinalLevel</FullName>
          <Methods>
            <Method visited="true" cyclomaticComplexity="0" nPathComplexity="0" sequenceCoverage="100.0" branchCoverage="0" crapScore="0" isConstructor="false" isStatic="false" isGetter="false" isSetter="false">
              <Summary numSequencePoints="10" visitedSequencePoints="10" numBranchPoints="0" visitedBranchPoints="0" sequenceCoverage="100.0" branchCoverage="0" maxCyclomaticComplexity="0" minCyclomaticComplexity="0" maxCrapScore="0" minCrapScore="0" visitedClasses="0" numClasses="0" visitedMethods="1" numMethods="1" />
              <MetadataToken>100663313</MetadataToken>
              <Name>System.Void FinalLevel::Update()</Name>
              <FileRef uid="12" />
              <SequencePoints>
                <SequencePoint vc="18" uspid="526" ordinal="0" offset="0" sl="20" sc="5" el="20" ec="5" bec="0" bev="0" fileid="12" />
                <SequencePoint vc="18" uspid="527" ordinal="0" offset="1" sl="21" sc="9" el="21" ec="9" bec="0" bev="0" fileid="12" />
                <SequencePoint vc="3" uspid="528" ordinal="0" offset="22" sl="22" sc="9" el="22" ec="9" bec="0" bev="0" fileid="12" />
                <SequencePoint vc="3" uspid="529" ordinal="0" offset="23" sl="23" sc="13" el="23" ec="13" bec="0" bev="0" fileid="12" />
                <SequencePoint vc="3" uspid="530" ordinal="0" offset="30" sl="24" sc="13" el="24" ec="13" bec="0" bev="0" fileid="12" />
                <SequencePoint vc="3" uspid="531" ordinal="0" offset="43" sl="25" sc="13" el="25" ec="13" bec="0" bev="0" fileid="12" />
                <SequencePoint vc="3" uspid="532" ordinal="0" offset="55" sl="26" sc="13" el="26" ec="13" bec="0" bev="0" fileid="12" />
                <SequencePoint vc="3" uspid="533" ordinal="0" offset="67" sl="27" sc="13" el="27" ec="13" bec="0" bev="0" fileid="12" />
                <SequencePoint vc="3" uspid="534" ordinal="0" offset="79" sl="28" sc="9" el="28" ec="9" bec="0" bev="0" fileid="12" />
                <SequencePoint vc="18" uspid="535" ordinal="0" offset="80" sl="29" sc="5" el="29" ec="5" bec="0" bev="0" fileid="12" />
              </SequencePoints>
              <BranchPoints />
            </Method>
            <Method visited="true" cyclomaticComplexity="0" nPathComplexity="0" sequenceCoverage="100.0" branchCoverage="0" crapScore="0" isConstructor="true" isStatic="false" isGetter="false" isSetter="false">
              <Summary numSequencePoints="2" visitedSequencePoints="2" numBranchPoints="0" visitedBranchPoints="0" sequenceCoverage="100.0" branchCoverage="0" maxCyclomaticComplexity="0" minCyclomaticComplexity="0" maxCrapScore="0" minCrapScore="0" visitedClasses="0" numClasses="0" visitedMethods="1" numMethods="1" />
              <MetadataToken>100663315</MetadataToken>
              <Name>FinalLevel::FinalLevel()</Name>
              <FileRef uid="12" />
              <SequencePoints>
                <SequencePoint vc="4" uspid="536" ordinal="0" offset="0" sl="9" sc="5" el="9" ec="5" bec="0" bev="0" fileid="12" />
                <SequencePoint vc="4" uspid="537" ordinal="0" offset="7" sl="10" sc="5" el="10" ec="5" bec="0" bev="0" fileid="12" />
              </SequencePoints>
              <BranchPoints />
            </Method>
          </Methods>
        </Class>
        <Class>
          <Summary numSequencePoints="15" visitedSequencePoints="15" numBranchPoints="0" visitedBranchPoints="0" sequenceCoverage="100.0" branchCoverage="0.0" maxCyclomaticComplexity="0" minCyclomaticComplexity="0" maxCrapScore="0" minCrapScore="0" visitedClasses="1" numClasses="1" visitedMethods="3" numMethods="3" />
          <FullName>FinalPlayer</FullName>
          <Methods>
            <Method visited="true" cyclomaticComplexity="0" nPathComplexity="0" sequenceCoverage="100.0" branchCoverage="0" crapScore="0" isConstructor="false" isStatic="false" isGetter="false" isSetter="false">
              <Summary numSequencePoints="3" visitedSequencePoints="3" numBranchPoints="0" visitedBranchPoints="0" sequenceCoverage="100.0" branchCoverage="0" maxCyclomaticComplexity="0" minCyclomaticComplexity="0" maxCrapScore="0" minCrapScore="0" visitedClasses="0" numClasses="0" visitedMethods="1" numMethods="1" />
              <MetadataToken>100663316</MetadataToken>
              <Name>System.Void FinalPlayer::Start()</Name>
              <FileRef uid="13" />
              <SequencePoints>
                <SequencePoint vc="8" uspid="538" ordinal="0" offset="0" sl="10" sc="5" el="10" ec="5" bec="0" bev="0" fileid="13" />
                <SequencePoint vc="8" uspid="539" ordinal="0" offset="1" sl="11" sc="9" el="11" ec="9" bec="0" bev="0" fileid="13" />
                <SequencePoint vc="8" uspid="540" ordinal="0" offset="22" sl="12" sc="5" el="12" ec="5" bec="0" bev="0" fileid="13" />
              </SequencePoints>
              <BranchPoints />
            </Method>
            <Method visited="true" cyclomaticComplexity="0" nPathComplexity="0" sequenceCoverage="100.0" branchCoverage="0" crapScore="0" isConstructor="false" isStatic="false" isGetter="false" isSetter="false">
              <Summary numSequencePoints="6" visitedSequencePoints="6" numBranchPoints="0" visitedBranchPoints="0" sequenceCoverage="100.0" branchCoverage="0" maxCyclomaticComplexity="0" minCyclomaticComplexity="0" maxCrapScore="0" minCrapScore="0" visitedClasses="0" numClasses="0" visitedMethods="1" numMethods="1" />
              <MetadataToken>100663317</MetadataToken>
              <Name>System.Void FinalPlayer::OnTriggerEnter2D(UnityEngine.Collider2D)</Name>
              <FileRef uid="13" />
              <SequencePoints>
                <SequencePoint vc="14" uspid="541" ordinal="0" offset="0" sl="14" sc="5" el="14" ec="5" bec="0" bev="0" fileid="13" />
                <SequencePoint vc="14" uspid="542" ordinal="0" offset="1" sl="15" sc="9" el="15" ec="9" bec="0" bev="0" fileid="13" />
                <SequencePoint vc="8" uspid="543" ordinal="0" offset="26" sl="16" sc="13" el="16" ec="13" bec="0" bev="0" fileid="13" />
                <SequencePoint vc="14" uspid="544" ordinal="0" offset="38" sl="17" sc="9" el="17" ec="9" bec="0" bev="0" fileid="13" />
                <SequencePoint vc="6" uspid="545" ordinal="0" offset="63" sl="18" sc="13" el="18" ec="13" bec="0" bev="0" fileid="13" />
                <SequencePoint vc="14" uspid="546" ordinal="0" offset="75" sl="19" sc="5" el="19" ec="5" bec="0" bev="0" fileid="13" />
              </SequencePoints>
              <BranchPoints />
            </Method>
            <Method visited="true" cyclomaticComplexity="0" nPathComplexity="0" sequenceCoverage="100.0" branchCoverage="0" crapScore="0" isConstructor="false" isStatic="false" isGetter="false" isSetter="false">
              <Summary numSequencePoints="6" visitedSequencePoints="6" numBranchPoints="0" visitedBranchPoints="0" sequenceCoverage="100.0" branchCoverage="0" maxCyclomaticComplexity="0" minCyclomaticComplexity="0" maxCrapScore="0" minCrapScore="0" visitedClasses="0" numClasses="0" visitedMethods="1" numMethods="1" />
              <MetadataToken>100663318</MetadataToken>
              <Name>System.Void FinalPlayer::OnTriggerExit2D(UnityEngine.Collider2D)</Name>
              <FileRef uid="13" />
              <SequencePoints>
                <SequencePoint vc="10" uspid="547" ordinal="0" offset="0" sl="21" sc="5" el="21" ec="5" bec="0" bev="0" fileid="13" />
                <SequencePoint vc="10" uspid="548" ordinal="0" offset="1" sl="22" sc="9" el="22" ec="9" bec="0" bev="0" fileid="13" />
                <SequencePoint vc="4" uspid="549" ordinal="0" offset="26" sl="23" sc="13" el="23" ec="13" bec="0" bev="0" fileid="13" />
                <SequencePoint vc="10" uspid="550" ordinal="0" offset="38" sl="24" sc="9" el="24" ec="9" bec="0" bev="0" fileid="13" />
                <SequencePoint vc="6" uspid="551" ordinal="0" offset="63" sl="25" sc="13" el="25" ec="13" bec="0" bev="0" fileid="13" />
                <SequencePoint vc="10" uspid="552" ordinal="0" offset="75" sl="26" sc="5" el="26" ec="5" bec="0" bev="0" fileid="13" />
              </SequencePoints>
              <BranchPoints />
            </Method>
          </Methods>
        </Class>
        <Class>
          <Summary numSequencePoints="32" visitedSequencePoints="24" numBranchPoints="0" visitedBranchPoints="0" sequenceCoverage="75.00" branchCoverage="0.0" maxCyclomaticComplexity="0" minCyclomaticComplexity="0" maxCrapScore="0" minCrapScore="0" visitedClasses="1" numClasses="1" visitedMethods="4" numMethods="4" />
          <FullName>Jump</FullName>
          <Methods>
            <Method visited="true" cyclomaticComplexity="0" nPathComplexity="0" sequenceCoverage="100.0" branchCoverage="0" crapScore="0" isConstructor="false" isStatic="false" isGetter="false" isSetter="false">
              <Summary numSequencePoints="3" visitedSequencePoints="3" numBranchPoints="0" visitedBranchPoints="0" sequenceCoverage="100.0" branchCoverage="0" maxCyclomaticComplexity="0" minCyclomaticComplexity="0" maxCrapScore="0" minCrapScore="0" visitedClasses="0" numClasses="0" visitedMethods="1" numMethods="1" />
              <MetadataToken>100663323</MetadataToken>
              <Name>System.Void Jump::Start()</Name>
              <FileRef uid="14" />
              <SequencePoints>
                <SequencePoint vc="18" uspid="553" ordinal="0" offset="0" sl="13" sc="5" el="13" ec="5" bec="0" bev="0" fileid="14" />
                <SequencePoint vc="18" uspid="554" ordinal="0" offset="1" sl="14" sc="9" el="14" ec="9" bec="0" bev="0" fileid="14" />
                <SequencePoint vc="18" uspid="555" ordinal="0" offset="13" sl="15" sc="5" el="15" ec="5" bec="0" bev="0" fileid="14" />
              </SequencePoints>
              <BranchPoints />
            </Method>
            <Method visited="true" cyclomaticComplexity="0" nPathComplexity="0" sequenceCoverage="55.56" branchCoverage="0" crapScore="0" isConstructor="false" isStatic="false" isGetter="false" isSetter="false">
              <Summary numSequencePoints="18" visitedSequencePoints="10" numBranchPoints="0" visitedBranchPoints="0" sequenceCoverage="55.56" branchCoverage="0" maxCyclomaticComplexity="0" minCyclomaticComplexity="0" maxCrapScore="0" minCrapScore="0" visitedClasses="0" numClasses="0" visitedMethods="1" numMethods="1" />
              <MetadataToken>100663324</MetadataToken>
              <Name>System.Void Jump::Update()</Name>
              <FileRef uid="14" />
              <SequencePoints>
                <SequencePoint vc="1927" uspid="556" ordinal="0" offset="0" sl="18" sc="5" el="18" ec="5" bec="0" bev="0" fileid="14" />
                <SequencePoint vc="1927" uspid="557" ordinal="0" offset="1" sl="19" sc="9" el="19" ec="9" bec="0" bev="0" fileid="14" />
                <SequencePoint vc="1892" uspid="558" ordinal="0" offset="26" sl="20" sc="9" el="20" ec="9" bec="0" bev="0" fileid="14" />
                <SequencePoint vc="1892" uspid="559" ordinal="0" offset="27" sl="21" sc="13" el="21" ec="13" bec="0" bev="0" fileid="14" />
                <SequencePoint vc="0" uspid="560" ordinal="0" offset="61" sl="22" sc="13" el="22" ec="13" bec="0" bev="0" fileid="14" />
                <SequencePoint vc="0" uspid="561" ordinal="0" offset="62" sl="23" sc="17" el="23" ec="17" bec="0" bev="0" fileid="14" />
                <SequencePoint vc="0" uspid="562" ordinal="0" offset="91" sl="24" sc="17" el="24" ec="17" bec="0" bev="0" fileid="14" />
                <SequencePoint vc="0" uspid="563" ordinal="0" offset="98" sl="25" sc="13" el="25" ec="13" bec="0" bev="0" fileid="14" />
                <SequencePoint vc="1892" uspid="564" ordinal="0" offset="99" sl="26" sc="9" el="26" ec="9" bec="0" bev="0" fileid="14" />
                <SequencePoint vc="1927" uspid="565" ordinal="0" offset="100" sl="27" sc="9" el="27" ec="9" bec="0" bev="0" fileid="14" />
                <SequencePoint vc="35" uspid="566" ordinal="0" offset="125" sl="28" sc="9" el="28" ec="9" bec="0" bev="0" fileid="14" />
                <SequencePoint vc="35" uspid="567" ordinal="0" offset="126" sl="29" sc="13" el="29" ec="13" bec="0" bev="0" fileid="14" />
                <SequencePoint vc="0" uspid="568" ordinal="0" offset="160" sl="30" sc="13" el="30" ec="13" bec="0" bev="0" fileid="14" />
                <SequencePoint vc="0" uspid="569" ordinal="0" offset="161" sl="31" sc="17" el="31" ec="17" bec="0" bev="0" fileid="14" />
                <SequencePoint vc="0" uspid="570" ordinal="0" offset="190" sl="32" sc="17" el="32" ec="17" bec="0" bev="0" fileid="14" />
                <SequencePoint vc="0" uspid="571" ordinal="0" offset="197" sl="33" sc="13" el="33" ec="13" bec="0" bev="0" fileid="14" />
                <SequencePoint vc="35" uspid="572" ordinal="0" offset="198" sl="34" sc="9" el="34" ec="9" bec="0" bev="0" fileid="14" />
                <SequencePoint vc="1927" uspid="573" ordinal="0" offset="199" sl="35" sc="5" el="35" ec="5" bec="0" bev="0" fileid="14" />
              </SequencePoints>
              <BranchPoints />
            </Method>
            <Method visited="true" cyclomaticComplexity="0" nPathComplexity="0" sequenceCoverage="100.0" branchCoverage="0" crapScore="0" isConstructor="false" isStatic="false" isGetter="false" isSetter="false">
              <Summary numSequencePoints="7" visitedSequencePoints="7" numBranchPoints="0" visitedBranchPoints="0" sequenceCoverage="100.0" branchCoverage="0" maxCyclomaticComplexity="0" minCyclomaticComplexity="0" maxCrapScore="0" minCrapScore="0" visitedClasses="0" numClasses="0" visitedMethods="1" numMethods="1" />
              <MetadataToken>100663325</MetadataToken>
              <Name>System.Void Jump::OnCollisionEnter2D(UnityEngine.Collision2D)</Name>
              <FileRef uid="14" />
              <SequencePoints>
                <SequencePoint vc="50" uspid="574" ordinal="0" offset="0" sl="37" sc="5" el="37" ec="5" bec="0" bev="0" fileid="14" />
                <SequencePoint vc="50" uspid="575" ordinal="0" offset="1" sl="38" sc="9" el="38" ec="9" bec="0" bev="0" fileid="14" />
                <SequencePoint vc="8" uspid="576" ordinal="0" offset="21" sl="39" sc="9" el="39" ec="9" bec="0" bev="0" fileid="14" />
                <SequencePoint vc="8" uspid="577" ordinal="0" offset="22" sl="40" sc="13" el="40" ec="13" bec="0" bev="0" fileid="14" />
                <SequencePoint vc="8" uspid="578" ordinal="0" offset="29" sl="41" sc="13" el="41" ec="13" bec="0" bev="0" fileid="14" />
                <SequencePoint vc="8" uspid="579" ordinal="0" offset="67" sl="42" sc="9" el="42" ec="9" bec="0" bev="0" fileid="14" />
                <SequencePoint vc="50" uspid="580" ordinal="0" offset="68" sl="43" sc="5" el="43" ec="5" bec="0" bev="0" fileid="14" />
              </SequencePoints>
              <BranchPoints />
            </Method>
            <Method visited="true" cyclomaticComplexity="0" nPathComplexity="0" sequenceCoverage="100.0" branchCoverage="0" crapScore="0" isConstructor="true" isStatic="false" isGetter="false" isSetter="false">
              <Summary numSequencePoints="4" visitedSequencePoints="4" numBranchPoints="0" visitedBranchPoints="0" sequenceCoverage="100.0" branchCoverage="0" maxCyclomaticComplexity="0" minCyclomaticComplexity="0" maxCrapScore="0" minCrapScore="0" visitedClasses="0" numClasses="0" visitedMethods="1" numMethods="1" />
              <MetadataToken>100663326</MetadataToken>
              <Name>Jump::Jump()</Name>
              <FileRef uid="14" />
              <SequencePoints>
                <SequencePoint vc="25" uspid="581" ordinal="0" offset="0" sl="7" sc="5" el="7" ec="5" bec="0" bev="0" fileid="14" />
                <SequencePoint vc="25" uspid="582" ordinal="0" offset="11" sl="8" sc="5" el="8" ec="5" bec="0" bev="0" fileid="14" />
                <SequencePoint vc="25" uspid="583" ordinal="0" offset="22" sl="9" sc="5" el="9" ec="5" bec="0" bev="0" fileid="14" />
                <SequencePoint vc="25" uspid="584" ordinal="0" offset="29" sl="11" sc="5" el="11" ec="5" bec="0" bev="0" fileid="14" />
              </SequencePoints>
              <BranchPoints />
            </Method>
          </Methods>
        </Class>
        <Class>
          <Summary numSequencePoints="43" visitedSequencePoints="28" numBranchPoints="0" visitedBranchPoints="0" sequenceCoverage="65.12" branchCoverage="0.0" maxCyclomaticComplexity="0" minCyclomaticComplexity="0" maxCrapScore="0" minCrapScore="0" visitedClasses="1" numClasses="1" visitedMethods="3" numMethods="3" />
          <FullName>Movement</FullName>
          <Methods>
            <Method visited="true" cyclomaticComplexity="0" nPathComplexity="0" sequenceCoverage="100.0" branchCoverage="0" crapScore="0" isConstructor="false" isStatic="false" isGetter="false" isSetter="false">
              <Summary numSequencePoints="3" visitedSequencePoints="3" numBranchPoints="0" visitedBranchPoints="0" sequenceCoverage="100.0" branchCoverage="0" maxCyclomaticComplexity="0" minCyclomaticComplexity="0" maxCrapScore="0" minCrapScore="0" visitedClasses="0" numClasses="0" visitedMethods="1" numMethods="1" />
              <MetadataToken>100663327</MetadataToken>
              <Name>System.Void Movement::Awake()</Name>
              <FileRef uid="15" />
              <SequencePoints>
                <SequencePoint vc="22" uspid="585" ordinal="0" offset="0" sl="15" sc="5" el="15" ec="5" bec="0" bev="0" fileid="15" />
                <SequencePoint vc="22" uspid="586" ordinal="0" offset="1" sl="16" sc="9" el="16" ec="9" bec="0" bev="0" fileid="15" />
[...]
                <SequencePoint vc="21" uspid="621" ordinal="0" offset="406" sl="54" sc="17" el="54" ec="17" bec="0" bev="0" fileid="15" />
                <SequencePoint vc="21" uspid="622" ordinal="0" offset="413" sl="55" sc="13" el="55" ec="13" bec="0" bev="0" fileid="15" />
                <SequencePoint vc="21" uspid="623" ordinal="0" offset="426" sl="56" sc="9" el="56" ec="9" bec="0" bev="0" fileid="15" />
                <SequencePoint vc="639" uspid="624" ordinal="0" offset="427" sl="57" sc="5" el="57" ec="5" bec="0" bev="0" fileid="15" />
              </SequencePoints>
              <BranchPoints />
            </Method>
            <Method visited="true" cyclomaticComplexity="0" nPathComplexity="0" sequenceCoverage="100.0" branchCoverage="0" crapScore="0" isConstructor="true" isStatic="false" isGetter="false" isSetter="false">
              <Summary numSequencePoints="3" visitedSequencePoints="3" numBranchPoints="0" visitedBranchPoints="0" sequenceCoverage="100.0" branchCoverage="0" maxCyclomaticComplexity="0" minCyclomaticComplexity="0" maxCrapScore="0" minCrapScore="0" visitedClasses="0" numClasses="0" visitedMethods="1" numMethods="1" />
              <MetadataToken>100663329</MetadataToken>
              <Name>Movement::Movement()</Name>
              <FileRef uid="15" />
              <SequencePoints>
                <SequencePoint vc="25" uspid="625" ordinal="0" offset="0" sl="7" sc="5" el="7" ec="5" bec="0" bev="0" fileid="15" />
                <SequencePoint vc="25" uspid="626" ordinal="0" offset="11" sl="8" sc="5" el="8" ec="5" bec="0" bev="0" fileid="15" />
                <SequencePoint vc="25" uspid="627" ordinal="0" offset="22" sl="10" sc="5" el="10" ec="5" bec="0" bev="0" fileid="15" />
              </SequencePoints>
              <BranchPoints />
            </Method>
          </Methods>
        </Class>
        <Class>
          <Summary numSequencePoints="7" visitedSequencePoints="7" numBranchPoints="0" visitedBranchPoints="0" sequenceCoverage="100.0" branchCoverage="0.0" maxCyclomaticComplexity="0" minCyclomaticComplexity="0" maxCrapScore="0" minCrapScore="0" visitedClasses="1" numClasses="1" visitedMethods="3" numMethods="3" />
          <FullName>TestEvent</FullName>
          <Methods>
            <Method visited="true" cyclomaticComplexity="0" nPathComplexity="0" sequenceCoverage="100.0" branchCoverage="0" crapScore="0" isConstructor="false" isStatic="false" isGetter="false" isSetter="false">
              <Summary numSequencePoints="3" visitedSequencePoints="3" numBranchPoints="0" visitedBranchPoints="0" sequenceCoverage="100.0" branchCoverage="0" maxCyclomaticComplexity="0" minCyclomaticComplexity="0" maxCrapScore="0" minCrapScore="0" visitedClasses="0" numClasses="0" visitedMethods="1" numMethods="1" />
              <MetadataToken>100663330</MetadataToken>
              <Name>System.Void TestEvent::Start()</Name>
              <FileRef uid="16" />
              <SequencePoints>
                <SequencePoint vc="8" uspid="628" ordinal="0" offset="0" sl="15" sc="5" el="15" ec="5" bec="0" bev="0" fileid="16" />
                <SequencePoint vc="8" uspid="629" ordinal="0" offset="1" sl="16" sc="9" el="16" ec="9" bec="0" bev="0" fileid="16" />
                <SequencePoint vc="8" uspid="630" ordinal="0" offset="25" sl="17" sc="5" el="17" ec="5" bec="0" bev="0" fileid="16" />
              </SequencePoints>
              <BranchPoints />
            </Method>
            <Method visited="true" cyclomaticComplexity="0" nPathComplexity="0" sequenceCoverage="100.0" branchCoverage="0" crapScore="0" isConstructor="false" isStatic="false" isGetter="false" isSetter="false">
              <Summary numSequencePoints="3" visitedSequencePoints="3" numBranchPoints="0" visitedBranchPoints="0" sequenceCoverage="100.0" branchCoverage="0" maxCyclomaticComplexity="0" minCyclomaticComplexity="0" maxCrapScore="0" minCrapScore="0" visitedClasses="0" numClasses="0" visitedMethods="1" numMethods="1" />
              <MetadataToken>100663332</MetadataToken>
              <Name>System.Void TestEvent::OnDisable()</Name>
              <FileRef uid="16" />
              <SequencePoints>
                <SequencePoint vc="12" uspid="645" ordinal="0" offset="0" sl="36" sc="5" el="36" ec="5" bec="0" bev="0" fileid="16" />
                <SequencePoint vc="12" uspid="646" ordinal="0" offset="1" sl="37" sc="9" el="37" ec="9" bec="0" bev="0" fileid="16" />
                <SequencePoint vc="12" uspid="647" ordinal="0" offset="25" sl="38" sc="5" el="38" ec="5" bec="0" bev="0" fileid="16" />
              </SequencePoints>
              <BranchPoints />
            </Method>
            <Method visited="true" cyclomaticComplexity="0" nPathComplexity="0" sequenceCoverage="100.0" branchCoverage="0" crapScore="0" isConstructor="true" isStatic="false" isGetter="false" isSetter="false">
              <Summary numSequencePoints="1" visitedSequencePoints="1" numBranchPoints="0" visitedBranchPoints="0" sequenceCoverage="100.0" branchCoverage="0" maxCyclomaticComplexity="0" minCyclomaticComplexity="0" maxCrapScore="0" minCrapScore="0" visitedClasses="0" numClasses="0" visitedMethods="1" numMethods="1" />
              <MetadataToken>100663334</MetadataToken>
              <Name>TestEvent::TestEvent()</Name>
              <FileRef uid="16" />
              <SequencePoints>
                <SequencePoint vc="16" uspid="660" ordinal="0" offset="0" sl="12" sc="5" el="12" ec="5" bec="0" bev="0" fileid="16" />
              </SequencePoints>
              <BranchPoints />
            </Method>
          </Methods>
        </Class>
        <Class>
          <Summary numSequencePoints="10" visitedSequencePoints="10" numBranchPoints="0" visitedBranchPoints="0" sequenceCoverage="100.0" branchCoverage="0.0" maxCyclomaticComplexity="0" minCyclomaticComplexity="0" maxCrapScore="0" minCrapScore="0" visitedClasses="1" numClasses="1" visitedMethods="1" numMethods="1" />
          <FullName>Timer</FullName>
          <Methods>
            <Method visited="true" cyclomaticComplexity="0" nPathComplexity="0" sequenceCoverage="100.0" branchCoverage="0" crapScore="0" isConstructor="false" isStatic="false" isGetter="false" isSetter="false">
              <Summary numSequencePoints="10" visitedSequencePoints="10" numBranchPoints="0" visitedBranchPoints="0" sequenceCoverage="100.0" branchCoverage="0" maxCyclomaticComplexity="0" minCyclomaticComplexity="0" maxCrapScore="0" minCrapScore="0" visitedClasses="0" numClasses="0" visitedMethods="1" numMethods="1" />
              <MetadataToken>100663335</MetadataToken>
              <Name>System.Void Timer::FixedUpdate()</Name>
              <FileRef uid="17" />
              <SequencePoints>
                <SequencePoint vc="13" uspid="661" ordinal="0" offset="0" sl="15" sc="5" el="15" ec="5" bec="0" bev="0" fileid="17" />
                <SequencePoint vc="13" uspid="662" ordinal="0" offset="1" sl="16" sc="9" el="16" ec="9" bec="0" bev="0" fileid="17" />
                <SequencePoint vc="12" uspid="663" ordinal="0" offset="48" sl="17" sc="9" el="17" ec="9" bec="0" bev="0" fileid="17" />
                <SequencePoint vc="12" uspid="664" ordinal="0" offset="49" sl="18" sc="13" el="18" ec="13" bec="0" bev="0" fileid="17" />
                <SequencePoint vc="12" uspid="665" ordinal="0" offset="67" sl="19" sc="13" el="19" ec="13" bec="0" bev="0" fileid="17" />
                <SequencePoint vc="12" uspid="666" ordinal="0" offset="80" sl="20" sc="13" el="20" ec="13" bec="0" bev="0" fileid="17" />
                <SequencePoint vc="12" uspid="667" ordinal="0" offset="126" sl="21" sc="9" el="21" ec="9" bec="0" bev="0" fileid="17" />
                <SequencePoint vc="1" uspid="668" ordinal="0" offset="129" sl="22" sc="14" el="22" ec="14" bec="0" bev="0" fileid="17" />
                <SequencePoint vc="1" uspid="669" ordinal="0" offset="144" sl="23" sc="13" el="23" ec="13" bec="0" bev="0" fileid="17" />
                <SequencePoint vc="13" uspid="670" ordinal="0" offset="156" sl="24" sc="5" el="24" ec="5" bec="0" bev="0" fileid="17" />
              </SequencePoints>
              <BranchPoints />
            </Method>
          </Methods>
        </Class>
        <Class>
          <Summary numSequencePoints="12" visitedSequencePoints="12" numBranchPoints="0" visitedBranchPoints="0" sequenceCoverage="100.0" branchCoverage="0.0" maxCyclomaticComplexity="0" minCyclomaticComplexity="0" maxCrapScore="0" minCrapScore="0" visitedClasses="1" numClasses="1" visitedMethods="4" numMethods="4" />
          <FullName>WhalyManagement</FullName>
          <Methods>
            <Method visited="true" cyclomaticComplexity="0" nPathComplexity="0" sequenceCoverage="100.0" branchCoverage="0" crapScore="0" isConstructor="false" isStatic="false" isGetter="true" isSetter="false">
              <Summary numSequencePoints="3" visitedSequencePoints="3" numBranchPoints="0" visitedBranchPoints="0" sequenceCoverage="100.0" branchCoverage="0" maxCyclomaticComplexity="0" minCyclomaticComplexity="0" maxCrapScore="0" minCrapScore="0" visitedClasses="0" numClasses="0" visitedMethods="1" numMethods="1" />
              <MetadataToken>100663337</MetadataToken>
              <Name>System.String WhalyManagement::get_GetJumpKey()</Name>
              <FileRef uid="18" />
              <SequencePoints>
                <SequencePoint vc="35" uspid="671" ordinal="0" offset="0" sl="13" sc="13" el="13" ec="13" bec="0" bev="0" fileid="18" />
                <SequencePoint vc="35" uspid="672" ordinal="0" offset="1" sl="13" sc="15" el="13" ec="15" bec="0" bev="0" fileid="18" />
                <SequencePoint vc="35" uspid="673" ordinal="0" offset="10" sl="13" sc="28" el="13" ec="28" bec="0" bev="0" fileid="18" />
              </SequencePoints>
              <BranchPoints />
            </Method>
            <Method visited="true" cyclomaticComplexity="0" nPathComplexity="0" sequenceCoverage="100.0" branchCoverage="0" crapScore="0" isConstructor="false" isStatic="false" isGetter="true" isSetter="false">
              <Summary numSequencePoints="3" visitedSequencePoints="3" numBranchPoints="0" visitedBranchPoints="0" sequenceCoverage="100.0" branchCoverage="0" maxCyclomaticComplexity="0" minCyclomaticComplexity="0" maxCrapScore="0" minCrapScore="0" visitedClasses="0" numClasses="0" visitedMethods="1" numMethods="1" />
              <MetadataToken>100663338</MetadataToken>
              <Name>System.String WhalyManagement::get_GetLeftKey()</Name>
              <FileRef uid="18" />
              <SequencePoints>
                <SequencePoint vc="21" uspid="674" ordinal="0" offset="0" sl="17" sc="13" el="17" ec="13" bec="0" bev="0" fileid="18" />
                <SequencePoint vc="21" uspid="675" ordinal="0" offset="1" sl="17" sc="15" el="17" ec="15" bec="0" bev="0" fileid="18" />
                <SequencePoint vc="21" uspid="676" ordinal="0" offset="10" sl="17" sc="32" el="17" ec="32" bec="0" bev="0" fileid="18" />
              </SequencePoints>
              <BranchPoints />
            </Method>
            <Method visited="true" cyclomaticComplexity="0" nPathComplexity="0" sequenceCoverage="100.0" branchCoverage="0" crapScore="0" isConstructor="false" isStatic="false" isGetter="true" isSetter="false">
              <Summary numSequencePoints="3" visitedSequencePoints="3" numBranchPoints="0" visitedBranchPoints="0" sequenceCoverage="100.0" branchCoverage="0" maxCyclomaticComplexity="0" minCyclomaticComplexity="0" maxCrapScore="0" minCrapScore="0" visitedClasses="0" numClasses="0" visitedMethods="1" numMethods="1" />
              <MetadataToken>100663339</MetadataToken>
              <Name>System.String WhalyManagement::get_GetRightKey()</Name>
              <FileRef uid="18" />
              <SequencePoints>
                <SequencePoint vc="21" uspid="677" ordinal="0" offset="0" sl="21" sc="13" el="21" ec="13" bec="0" bev="0" fileid="18" />
                <SequencePoint vc="21" uspid="678" ordinal="0" offset="1" sl="21" sc="15" el="21" ec="15" bec="0" bev="0" fileid="18" />
                <SequencePoint vc="21" uspid="679" ordinal="0" offset="10" sl="21" sc="33" el="21" ec="33" bec="0" bev="0" fileid="18" />
              </SequencePoints>
              <BranchPoints />
            </Method>
            <Method visited="true" cyclomaticComplexity="0" nPathComplexity="0" sequenceCoverage="100.0" branchCoverage="0" crapScore="0" isConstructor="true" isStatic="false" isGetter="false" isSetter="false">
              <Summary numSequencePoints="3" visitedSequencePoints="3" numBranchPoints="0" visitedBranchPoints="0" sequenceCoverage="100.0" branchCoverage="0" maxCyclomaticComplexity="0" minCyclomaticComplexity="0" maxCrapScore="0" minCrapScore="0" visitedClasses="0" numClasses="0" visitedMethods="1" numMethods="1" />
              <MetadataToken>100663340</MetadataToken>
              <Name>WhalyManagement::WhalyManagement()</Name>
              <FileRef uid="18" />
              <SequencePoints>
                <SequencePoint vc="50" uspid="680" ordinal="0" offset="0" sl="7" sc="5" el="7" ec="5" bec="0" bev="0" fileid="18" />
                <SequencePoint vc="50" uspid="681" ordinal="0" offset="11" sl="8" sc="5" el="8" ec="5" bec="0" bev="0" fileid="18" />
                <SequencePoint vc="50" uspid="682" ordinal="0" offset="22" sl="9" sc="5" el="9" ec="5" bec="0" bev="0" fileid="18" />
              </SequencePoints>
              <BranchPoints />
            </Method>
          </Methods>
        </Class>
        <Class>
          <Summary numSequencePoints="6" visitedSequencePoints="6" numBranchPoints="0" visitedBranchPoints="0" sequenceCoverage="100.0" branchCoverage="0.0" maxCyclomaticComplexity="0" minCyclomaticComplexity="0" maxCrapScore="0" minCrapScore="0" visitedClasses="1" numClasses="1" visitedMethods="1" numMethods="1" />
          <FullName>Animations/&lt;actionOff&gt;d__5</FullName>
          <Methods>
            <Method visited="true" cyclomaticComplexity="0" nPathComplexity="0" sequenceCoverage="100.0" branchCoverage="0" crapScore="0" isConstructor="false" isStatic="false" isGetter="false" isSetter="false">
              <Summary numSequencePoints="6" visitedSequencePoints="6" numBranchPoints="0" visitedBranchPoints="0" sequenceCoverage="100.0" branchCoverage="0" maxCyclomaticComplexity="0" minCyclomaticComplexity="0" maxCrapScore="0" minCrapScore="0" visitedClasses="0" numClasses="0" visitedMethods="1" numMethods="1" />
              <MetadataToken>100663343</MetadataToken>
              <Name>System.Boolean Animations/&lt;actionOff&gt;d__5::MoveNext()</Name>
              <FileRef uid="8" />
              <SequencePoints>
                <SequencePoint vc="6" uspid="683" ordinal="0" offset="31" sl="22" sc="5" el="22" ec="5" bec="0" bev="0" fileid="8" />
                <SequencePoint vc="6" uspid="684" ordinal="0" offset="32" sl="23" sc="9" el="23" ec="9" bec="0" bev="0" fileid="8" />
                <SequencePoint vc="6" uspid="685" ordinal="0" offset="64" sl="24" sc="9" el="24" ec="9" bec="0" bev="0" fileid="8" />
                <SequencePoint vc="6" uspid="686" ordinal="0" offset="87" sl="25" sc="9" el="25" ec="9" bec="0" bev="0" fileid="8" />
                <SequencePoint vc="6" uspid="687" ordinal="0" offset="108" sl="26" sc="13" el="26" ec="13" bec="0" bev="0" fileid="8" />
                <SequencePoint vc="6" uspid="688" ordinal="0" offset="126" sl="27" sc="5" el="27" ec="5" bec="0" bev="0" fileid="8" />
              </SequencePoints>
              <BranchPoints />
            </Method>
          </Methods>
        </Class>
        <Class>
          <Summary numSequencePoints="4" visitedSequencePoints="4" numBranchPoints="0" visitedBranchPoints="0" sequenceCoverage="100.0" branchCoverage="0.0" maxCyclomaticComplexity="0" minCyclomaticComplexity="0" maxCrapScore="0" minCrapScore="0" visitedClasses="1" numClasses="1" visitedMethods="1" numMethods="1" />
          <FullName>Death/&lt;reload&gt;d__4</FullName>
          <Methods>
            <Method visited="true" cyclomaticComplexity="0" nPathComplexity="0" sequenceCoverage="100.0" branchCoverage="0" crapScore="0" isConstructor="false" isStatic="false" isGetter="false" isSetter="false">
              <Summary numSequencePoints="4" visitedSequencePoints="4" numBranchPoints="0" visitedBranchPoints="0" sequenceCoverage="100.0" branchCoverage="0" maxCyclomaticComplexity="0" minCyclomaticComplexity="0" maxCrapScore="0" minCrapScore="0" visitedClasses="0" numClasses="0" visitedMethods="1" numMethods="1" />
              <MetadataToken>100663349</MetadataToken>
              <Name>System.Boolean Death/&lt;reload&gt;d__4::MoveNext()</Name>
              <FileRef uid="10" />
              <SequencePoints>
                <SequencePoint vc="4" uspid="689" ordinal="0" offset="31" sl="23" sc="5" el="23" ec="5" bec="0" bev="0" fileid="10" />
                <SequencePoint vc="4" uspid="690" ordinal="0" offset="32" sl="24" sc="9" el="24" ec="9" bec="0" bev="0" fileid="10" />
                <SequencePoint vc="4" uspid="691" ordinal="0" offset="64" sl="25" sc="9" el="25" ec="9" bec="0" bev="0" fileid="10" />
                <SequencePoint vc="4" uspid="692" ordinal="0" offset="75" sl="26" sc="5" el="26" ec="5" bec="0" bev="0" fileid="10" />
              </SequencePoints>
              <BranchPoints />
            </Method>
          </Methods>
        </Class>
        <Class>
          <Summary numSequencePoints="8" visitedSequencePoints="2" numBranchPoints="0" visitedBranchPoints="0" sequenceCoverage="25.00" branchCoverage="0.0" maxCyclomaticComplexity="0" minCyclomaticComplexity="0" maxCrapScore="0" minCrapScore="0" visitedClasses="1" numClasses="1" visitedMethods="1" numMethods="1" />
          <FullName>FinalLevel/&lt;destroyscript&gt;d__10</FullName>
          <Methods>
            <Method visited="true" cyclomaticComplexity="0" nPathComplexity="0" sequenceCoverage="25.00" branchCoverage="0" crapScore="0" isConstructor="false" isStatic="false" isGetter="false" isSetter="false">
              <Summary numSequencePoints="8" visitedSequencePoints="2" numBranchPoints="0" visitedBranchPoints="0" sequenceCoverage="25.00" branchCoverage="0" maxCyclomaticComplexity="0" minCyclomaticComplexity="0" maxCrapScore="0" minCrapScore="0" visitedClasses="0" numClasses="0" visitedMethods="1" numMethods="1" />
              <MetadataToken>100663359</MetadataToken>
              <Name>System.Boolean FinalLevel/&lt;destroyscript&gt;d__10::MoveNext()</Name>
              <FileRef uid="12" />
              <SequencePoints>
                <SequencePoint vc="3" uspid="693" ordinal="0" offset="45" sl="31" sc="5" el="31" ec="5" bec="0" bev="0" fileid="12" />
                <SequencePoint vc="3" uspid="694" ordinal="0" offset="46" sl="32" sc="9" el="32" ec="9" bec="0" bev="0" fileid="12" />
                <SequencePoint vc="0" uspid="695" ordinal="0" offset="78" sl="33" sc="9" el="33" ec="9" bec="0" bev="0" fileid="12" />
                <SequencePoint vc="0" uspid="696" ordinal="0" offset="105" sl="34" sc="9" el="34" ec="9" bec="0" bev="0" fileid="12" />
                <SequencePoint vc="0" uspid="697" ordinal="0" offset="128" sl="35" sc="9" el="35" ec="9" bec="0" bev="0" fileid="12" />
                <SequencePoint vc="0" uspid="698" ordinal="0" offset="187" sl="36" sc="9" el="36" ec="9" bec="0" bev="0" fileid="12" />
                <SequencePoint vc="0" uspid="699" ordinal="0" offset="219" sl="37" sc="9" el="37" ec="9" bec="0" bev="0" fileid="12" />
                <SequencePoint vc="0" uspid="700" ordinal="0" offset="231" sl="38" sc="5" el="38" ec="5" bec="0" bev="0" fileid="12" />
              </SequencePoints>
              <BranchPoints />
            </Method>
          </Methods>
        </Class>
      </Classes>
    </Module>
  </Modules>
</CoverageSession>